CRITICAL - 2022-05-17 17:37:05 --> Invalid file: Admin/Usuarios/index.php
#0 C:\xampp\htdocs\ci4-food\vendor\codeigniter4\framework\system\View\View.php(198): CodeIgniter\Exceptions\FrameworkException::forInvalidFile('Admin/Usuarios/...')
#1 C:\xampp\htdocs\ci4-food\vendor\codeigniter4\framework\system\Common.php(1089): CodeIgniter\View\View->render('Admin/Usuarios/...', Array, true)
#2 C:\xampp\htdocs\ci4-food\app\Controllers\Admin\Usuarios.php(30): view('Admin/Usuarios/...', Array)
#3 C:\xampp\htdocs\ci4-food\vendor\codeigniter4\framework\system\CodeIgniter.php(832): App\Controllers\Admin\Usuarios->index()
#4 C:\xampp\htdocs\ci4-food\vendor\codeigniter4\framework\system\CodeIgniter.php(419): CodeIgniter\CodeIgniter->runController(Object(App\Controllers\Admin\Usuarios))
#5 C:\xampp\htdocs\ci4-food\vendor\codeigniter4\framework\system\CodeIgniter.php(326): CodeIgniter\CodeIgniter->handleRequest(NULL, Object(Config\Cache), false)
#6 C:\xampp\htdocs\ci4-food\public\index.php(37): CodeIgniter\CodeIgniter->run()
#7 C:\xampp\htdocs\ci4-food\vendor\codeigniter4\framework\system\Commands\Server\rewrite.php(43): require_once('C:\\xampp\\htdocs...')
#8 {main}
CRITICAL - 2022-05-17 17:37:07 --> Invalid file: Admin/Usuarios/index.php
#0 C:\xampp\htdocs\ci4-food\vendor\codeigniter4\framework\system\View\View.php(198): CodeIgniter\Exceptions\FrameworkException::forInvalidFile('Admin/Usuarios/...')
#1 C:\xampp\htdocs\ci4-food\vendor\codeigniter4\framework\system\Common.php(1089): CodeIgniter\View\View->render('Admin/Usuarios/...', Array, true)
#2 C:\xampp\htdocs\ci4-food\app\Controllers\Admin\Usuarios.php(30): view('Admin/Usuarios/...', Array)
#3 C:\xampp\htdocs\ci4-food\vendor\codeigniter4\framework\system\CodeIgniter.php(832): App\Controllers\Admin\Usuarios->index()
#4 C:\xampp\htdocs\ci4-food\vendor\codeigniter4\framework\system\CodeIgniter.php(419): CodeIgniter\CodeIgniter->runController(Object(App\Controllers\Admin\Usuarios))
#5 C:\xampp\htdocs\ci4-food\vendor\codeigniter4\framework\system\CodeIgniter.php(326): CodeIgniter\CodeIgniter->handleRequest(NULL, Object(Config\Cache), false)
#6 C:\xampp\htdocs\ci4-food\public\index.php(37): CodeIgniter\CodeIgniter->run()
#7 C:\xampp\htdocs\ci4-food\vendor\codeigniter4\framework\system\Commands\Server\rewrite.php(43): require_once('C:\\xampp\\htdocs...')
#8 {main}
