CRITICAL - 2022-05-28 09:59:56 --> Call to undefined method App\Models\UsuarioModel::procurar
#0 C:\xampp\htdocs\ci4-food\app\Controllers\Admin\Usuarios.php(35): CodeIgniter\Model->__call('procurar', Array)
#1 C:\xampp\htdocs\ci4-food\vendor\codeigniter4\framework\system\CodeIgniter.php(832): App\Controllers\Admin\Usuarios->procurar()
#2 C:\xampp\htdocs\ci4-food\vendor\codeigniter4\framework\system\CodeIgniter.php(419): CodeIgniter\CodeIgniter->runController(Object(App\Controllers\Admin\Usuarios))
#3 C:\xampp\htdocs\ci4-food\vendor\codeigniter4\framework\system\CodeIgniter.php(326): CodeIgniter\CodeIgniter->handleRequest(NULL, Object(Config\Cache), false)
#4 C:\xampp\htdocs\ci4-food\public\index.php(37): CodeIgniter\CodeIgniter->run()
#5 C:\xampp\htdocs\ci4-food\vendor\codeigniter4\framework\system\Commands\Server\rewrite.php(43): require_once('C:\\xampp\\htdocs...')
#6 {main}
CRITICAL - 2022-05-28 10:06:58 --> Call to undefined method App\Models\UsuarioModel::procurar
#0 C:\xampp\htdocs\ci4-food\app\Controllers\Admin\Usuarios.php(36): CodeIgniter\Model->__call('procurar', Array)
#1 C:\xampp\htdocs\ci4-food\vendor\codeigniter4\framework\system\CodeIgniter.php(832): App\Controllers\Admin\Usuarios->procurar()
#2 C:\xampp\htdocs\ci4-food\vendor\codeigniter4\framework\system\CodeIgniter.php(419): CodeIgniter\CodeIgniter->runController(Object(App\Controllers\Admin\Usuarios))
#3 C:\xampp\htdocs\ci4-food\vendor\codeigniter4\framework\system\CodeIgniter.php(326): CodeIgniter\CodeIgniter->handleRequest(NULL, Object(Config\Cache), false)
#4 C:\xampp\htdocs\ci4-food\public\index.php(37): CodeIgniter\CodeIgniter->run()
#5 C:\xampp\htdocs\ci4-food\vendor\codeigniter4\framework\system\Commands\Server\rewrite.php(43): require_once('C:\\xampp\\htdocs...')
#6 {main}
CRITICAL - 2022-05-28 10:07:00 --> Call to undefined method App\Models\UsuarioModel::procurar
#0 C:\xampp\htdocs\ci4-food\app\Controllers\Admin\Usuarios.php(36): CodeIgniter\Model->__call('procurar', Array)
#1 C:\xampp\htdocs\ci4-food\vendor\codeigniter4\framework\system\CodeIgniter.php(832): App\Controllers\Admin\Usuarios->procurar()
#2 C:\xampp\htdocs\ci4-food\vendor\codeigniter4\framework\system\CodeIgniter.php(419): CodeIgniter\CodeIgniter->runController(Object(App\Controllers\Admin\Usuarios))
#3 C:\xampp\htdocs\ci4-food\vendor\codeigniter4\framework\system\CodeIgniter.php(326): CodeIgniter\CodeIgniter->handleRequest(NULL, Object(Config\Cache), false)
#4 C:\xampp\htdocs\ci4-food\public\index.php(37): CodeIgniter\CodeIgniter->run()
#5 C:\xampp\htdocs\ci4-food\vendor\codeigniter4\framework\system\Commands\Server\rewrite.php(43): require_once('C:\\xampp\\htdocs...')
#6 {main}
CRITICAL - 2022-05-28 10:07:05 --> Call to undefined method App\Models\UsuarioModel::procurar
#0 C:\xampp\htdocs\ci4-food\app\Controllers\Admin\Usuarios.php(36): CodeIgniter\Model->__call('procurar', Array)
#1 C:\xampp\htdocs\ci4-food\vendor\codeigniter4\framework\system\CodeIgniter.php(832): App\Controllers\Admin\Usuarios->procurar()
#2 C:\xampp\htdocs\ci4-food\vendor\codeigniter4\framework\system\CodeIgniter.php(419): CodeIgniter\CodeIgniter->runController(Object(App\Controllers\Admin\Usuarios))
#3 C:\xampp\htdocs\ci4-food\vendor\codeigniter4\framework\system\CodeIgniter.php(326): CodeIgniter\CodeIgniter->handleRequest(NULL, Object(Config\Cache), false)
#4 C:\xampp\htdocs\ci4-food\public\index.php(37): CodeIgniter\CodeIgniter->run()
#5 C:\xampp\htdocs\ci4-food\vendor\codeigniter4\framework\system\Commands\Server\rewrite.php(43): require_once('C:\\xampp\\htdocs...')
#6 {main}
CRITICAL - 2022-05-28 10:07:06 --> Call to undefined method App\Models\UsuarioModel::procurar
#0 C:\xampp\htdocs\ci4-food\app\Controllers\Admin\Usuarios.php(36): CodeIgniter\Model->__call('procurar', Array)
#1 C:\xampp\htdocs\ci4-food\vendor\codeigniter4\framework\system\CodeIgniter.php(832): App\Controllers\Admin\Usuarios->procurar()
#2 C:\xampp\htdocs\ci4-food\vendor\codeigniter4\framework\system\CodeIgniter.php(419): CodeIgniter\CodeIgniter->runController(Object(App\Controllers\Admin\Usuarios))
#3 C:\xampp\htdocs\ci4-food\vendor\codeigniter4\framework\system\CodeIgniter.php(326): CodeIgniter\CodeIgniter->handleRequest(NULL, Object(Config\Cache), false)
#4 C:\xampp\htdocs\ci4-food\public\index.php(37): CodeIgniter\CodeIgniter->run()
#5 C:\xampp\htdocs\ci4-food\vendor\codeigniter4\framework\system\Commands\Server\rewrite.php(43): require_once('C:\\xampp\\htdocs...')
#6 {main}
CRITICAL - 2022-05-28 10:07:10 --> Call to undefined method App\Models\UsuarioModel::procurar
#0 C:\xampp\htdocs\ci4-food\app\Controllers\Admin\Usuarios.php(36): CodeIgniter\Model->__call('procurar', Array)
#1 C:\xampp\htdocs\ci4-food\vendor\codeigniter4\framework\system\CodeIgniter.php(832): App\Controllers\Admin\Usuarios->procurar()
#2 C:\xampp\htdocs\ci4-food\vendor\codeigniter4\framework\system\CodeIgniter.php(419): CodeIgniter\CodeIgniter->runController(Object(App\Controllers\Admin\Usuarios))
#3 C:\xampp\htdocs\ci4-food\vendor\codeigniter4\framework\system\CodeIgniter.php(326): CodeIgniter\CodeIgniter->handleRequest(NULL, Object(Config\Cache), false)
#4 C:\xampp\htdocs\ci4-food\public\index.php(37): CodeIgniter\CodeIgniter->run()
#5 C:\xampp\htdocs\ci4-food\vendor\codeigniter4\framework\system\Commands\Server\rewrite.php(43): require_once('C:\\xampp\\htdocs...')
#6 {main}
CRITICAL - 2022-05-28 10:07:11 --> Call to undefined method App\Models\UsuarioModel::procurar
#0 C:\xampp\htdocs\ci4-food\app\Controllers\Admin\Usuarios.php(36): CodeIgniter\Model->__call('procurar', Array)
#1 C:\xampp\htdocs\ci4-food\vendor\codeigniter4\framework\system\CodeIgniter.php(832): App\Controllers\Admin\Usuarios->procurar()
#2 C:\xampp\htdocs\ci4-food\vendor\codeigniter4\framework\system\CodeIgniter.php(419): CodeIgniter\CodeIgniter->runController(Object(App\Controllers\Admin\Usuarios))
#3 C:\xampp\htdocs\ci4-food\vendor\codeigniter4\framework\system\CodeIgniter.php(326): CodeIgniter\CodeIgniter->handleRequest(NULL, Object(Config\Cache), false)
#4 C:\xampp\htdocs\ci4-food\public\index.php(37): CodeIgniter\CodeIgniter->run()
#5 C:\xampp\htdocs\ci4-food\vendor\codeigniter4\framework\system\Commands\Server\rewrite.php(43): require_once('C:\\xampp\\htdocs...')
#6 {main}
CRITICAL - 2022-05-28 10:07:27 --> Call to undefined method App\Models\UsuarioModel::procurar
#0 C:\xampp\htdocs\ci4-food\app\Controllers\Admin\Usuarios.php(36): CodeIgniter\Model->__call('procurar', Array)
#1 C:\xampp\htdocs\ci4-food\vendor\codeigniter4\framework\system\CodeIgniter.php(832): App\Controllers\Admin\Usuarios->procurar()
#2 C:\xampp\htdocs\ci4-food\vendor\codeigniter4\framework\system\CodeIgniter.php(419): CodeIgniter\CodeIgniter->runController(Object(App\Controllers\Admin\Usuarios))
#3 C:\xampp\htdocs\ci4-food\vendor\codeigniter4\framework\system\CodeIgniter.php(326): CodeIgniter\CodeIgniter->handleRequest(NULL, Object(Config\Cache), false)
#4 C:\xampp\htdocs\ci4-food\public\index.php(37): CodeIgniter\CodeIgniter->run()
#5 C:\xampp\htdocs\ci4-food\vendor\codeigniter4\framework\system\Commands\Server\rewrite.php(43): require_once('C:\\xampp\\htdocs...')
#6 {main}
CRITICAL - 2022-05-28 10:07:27 --> Call to undefined method App\Models\UsuarioModel::procurar
#0 C:\xampp\htdocs\ci4-food\app\Controllers\Admin\Usuarios.php(36): CodeIgniter\Model->__call('procurar', Array)
#1 C:\xampp\htdocs\ci4-food\vendor\codeigniter4\framework\system\CodeIgniter.php(832): App\Controllers\Admin\Usuarios->procurar()
#2 C:\xampp\htdocs\ci4-food\vendor\codeigniter4\framework\system\CodeIgniter.php(419): CodeIgniter\CodeIgniter->runController(Object(App\Controllers\Admin\Usuarios))
#3 C:\xampp\htdocs\ci4-food\vendor\codeigniter4\framework\system\CodeIgniter.php(326): CodeIgniter\CodeIgniter->handleRequest(NULL, Object(Config\Cache), false)
#4 C:\xampp\htdocs\ci4-food\public\index.php(37): CodeIgniter\CodeIgniter->run()
#5 C:\xampp\htdocs\ci4-food\vendor\codeigniter4\framework\system\Commands\Server\rewrite.php(43): require_once('C:\\xampp\\htdocs...')
#6 {main}
CRITICAL - 2022-05-28 10:07:28 --> Call to undefined method App\Models\UsuarioModel::procurar
#0 C:\xampp\htdocs\ci4-food\app\Controllers\Admin\Usuarios.php(36): CodeIgniter\Model->__call('procurar', Array)
#1 C:\xampp\htdocs\ci4-food\vendor\codeigniter4\framework\system\CodeIgniter.php(832): App\Controllers\Admin\Usuarios->procurar()
#2 C:\xampp\htdocs\ci4-food\vendor\codeigniter4\framework\system\CodeIgniter.php(419): CodeIgniter\CodeIgniter->runController(Object(App\Controllers\Admin\Usuarios))
#3 C:\xampp\htdocs\ci4-food\vendor\codeigniter4\framework\system\CodeIgniter.php(326): CodeIgniter\CodeIgniter->handleRequest(NULL, Object(Config\Cache), false)
#4 C:\xampp\htdocs\ci4-food\public\index.php(37): CodeIgniter\CodeIgniter->run()
#5 C:\xampp\htdocs\ci4-food\vendor\codeigniter4\framework\system\Commands\Server\rewrite.php(43): require_once('C:\\xampp\\htdocs...')
#6 {main}
