CRITICAL - 2022-05-29 21:16:33 --> Argument 1 passed to App\Controllers\Admin\Usuarios::buscaUsuarioOu404() must be of the type int or null, string given, called in C:\xampp\htdocs\ci4-food\app\Controllers\Admin\Usuarios.php on line 49
#0 C:\xampp\htdocs\ci4-food\app\Controllers\Admin\Usuarios.php(49): App\Controllers\Admin\Usuarios->buscaUsuarioOu404('assets')
#1 C:\xampp\htdocs\ci4-food\vendor\codeigniter4\framework\system\CodeIgniter.php(832): App\Controllers\Admin\Usuarios->show('assets', 'img', 'profile-img.jpg')
#2 C:\xampp\htdocs\ci4-food\vendor\codeigniter4\framework\system\CodeIgniter.php(419): CodeIgniter\CodeIgniter->runController(Object(App\Controllers\Admin\Usuarios))
#3 C:\xampp\htdocs\ci4-food\vendor\codeigniter4\framework\system\CodeIgniter.php(326): CodeIgniter\CodeIgniter->handleRequest(NULL, Object(Config\Cache), false)
#4 C:\xampp\htdocs\ci4-food\public\index.php(37): CodeIgniter\CodeIgniter->run()
#5 C:\xampp\htdocs\ci4-food\vendor\codeigniter4\framework\system\Commands\Server\rewrite.php(43): require_once('C:\\xampp\\htdocs...')
#6 {main}
CRITICAL - 2022-05-29 21:17:01 --> Argument 1 passed to App\Controllers\Admin\Usuarios::buscaUsuarioOu404() must be of the type int or null, string given, called in C:\xampp\htdocs\ci4-food\app\Controllers\Admin\Usuarios.php on line 49
#0 C:\xampp\htdocs\ci4-food\app\Controllers\Admin\Usuarios.php(49): App\Controllers\Admin\Usuarios->buscaUsuarioOu404('assets')
#1 C:\xampp\htdocs\ci4-food\vendor\codeigniter4\framework\system\CodeIgniter.php(832): App\Controllers\Admin\Usuarios->show('assets', 'img', 'profile-img.jpg')
#2 C:\xampp\htdocs\ci4-food\vendor\codeigniter4\framework\system\CodeIgniter.php(419): CodeIgniter\CodeIgniter->runController(Object(App\Controllers\Admin\Usuarios))
#3 C:\xampp\htdocs\ci4-food\vendor\codeigniter4\framework\system\CodeIgniter.php(326): CodeIgniter\CodeIgniter->handleRequest(NULL, Object(Config\Cache), false)
#4 C:\xampp\htdocs\ci4-food\public\index.php(37): CodeIgniter\CodeIgniter->run()
#5 C:\xampp\htdocs\ci4-food\vendor\codeigniter4\framework\system\Commands\Server\rewrite.php(43): require_once('C:\\xampp\\htdocs...')
#6 {main}
CRITICAL - 2022-05-29 21:17:40 --> Argument 1 passed to App\Controllers\Admin\Usuarios::buscaUsuarioOu404() must be of the type int or null, string given, called in C:\xampp\htdocs\ci4-food\app\Controllers\Admin\Usuarios.php on line 49
#0 C:\xampp\htdocs\ci4-food\app\Controllers\Admin\Usuarios.php(49): App\Controllers\Admin\Usuarios->buscaUsuarioOu404('assets')
#1 C:\xampp\htdocs\ci4-food\vendor\codeigniter4\framework\system\CodeIgniter.php(832): App\Controllers\Admin\Usuarios->show('assets', 'img', 'profile-img.jpg')
#2 C:\xampp\htdocs\ci4-food\vendor\codeigniter4\framework\system\CodeIgniter.php(419): CodeIgniter\CodeIgniter->runController(Object(App\Controllers\Admin\Usuarios))
#3 C:\xampp\htdocs\ci4-food\vendor\codeigniter4\framework\system\CodeIgniter.php(326): CodeIgniter\CodeIgniter->handleRequest(NULL, Object(Config\Cache), false)
#4 C:\xampp\htdocs\ci4-food\public\index.php(37): CodeIgniter\CodeIgniter->run()
#5 C:\xampp\htdocs\ci4-food\vendor\codeigniter4\framework\system\Commands\Server\rewrite.php(43): require_once('C:\\xampp\\htdocs...')
#6 {main}
CRITICAL - 2022-05-29 21:18:19 --> Argument 1 passed to App\Controllers\Admin\Usuarios::buscaUsuarioOu404() must be of the type int or null, string given, called in C:\xampp\htdocs\ci4-food\app\Controllers\Admin\Usuarios.php on line 49
#0 C:\xampp\htdocs\ci4-food\app\Controllers\Admin\Usuarios.php(49): App\Controllers\Admin\Usuarios->buscaUsuarioOu404('assets')
#1 C:\xampp\htdocs\ci4-food\vendor\codeigniter4\framework\system\CodeIgniter.php(832): App\Controllers\Admin\Usuarios->show('assets', 'img', 'profile-img.jpg')
#2 C:\xampp\htdocs\ci4-food\vendor\codeigniter4\framework\system\CodeIgniter.php(419): CodeIgniter\CodeIgniter->runController(Object(App\Controllers\Admin\Usuarios))
#3 C:\xampp\htdocs\ci4-food\vendor\codeigniter4\framework\system\CodeIgniter.php(326): CodeIgniter\CodeIgniter->handleRequest(NULL, Object(Config\Cache), false)
#4 C:\xampp\htdocs\ci4-food\public\index.php(37): CodeIgniter\CodeIgniter->run()
#5 C:\xampp\htdocs\ci4-food\vendor\codeigniter4\framework\system\Commands\Server\rewrite.php(43): require_once('C:\\xampp\\htdocs...')
#6 {main}
CRITICAL - 2022-05-29 21:18:31 --> Argument 1 passed to App\Controllers\Admin\Usuarios::buscaUsuarioOu404() must be of the type int or null, string given, called in C:\xampp\htdocs\ci4-food\app\Controllers\Admin\Usuarios.php on line 49
#0 C:\xampp\htdocs\ci4-food\app\Controllers\Admin\Usuarios.php(49): App\Controllers\Admin\Usuarios->buscaUsuarioOu404('assets')
#1 C:\xampp\htdocs\ci4-food\vendor\codeigniter4\framework\system\CodeIgniter.php(832): App\Controllers\Admin\Usuarios->show('assets', 'img', 'profile-img.jpg')
#2 C:\xampp\htdocs\ci4-food\vendor\codeigniter4\framework\system\CodeIgniter.php(419): CodeIgniter\CodeIgniter->runController(Object(App\Controllers\Admin\Usuarios))
#3 C:\xampp\htdocs\ci4-food\vendor\codeigniter4\framework\system\CodeIgniter.php(326): CodeIgniter\CodeIgniter->handleRequest(NULL, Object(Config\Cache), false)
#4 C:\xampp\htdocs\ci4-food\public\index.php(37): CodeIgniter\CodeIgniter->run()
#5 C:\xampp\htdocs\ci4-food\vendor\codeigniter4\framework\system\Commands\Server\rewrite.php(43): require_once('C:\\xampp\\htdocs...')
#6 {main}
CRITICAL - 2022-05-29 21:19:14 --> Argument 1 passed to App\Controllers\Admin\Usuarios::buscaUsuarioOu404() must be of the type int or null, string given, called in C:\xampp\htdocs\ci4-food\app\Controllers\Admin\Usuarios.php on line 49
#0 C:\xampp\htdocs\ci4-food\app\Controllers\Admin\Usuarios.php(49): App\Controllers\Admin\Usuarios->buscaUsuarioOu404('assets')
#1 C:\xampp\htdocs\ci4-food\vendor\codeigniter4\framework\system\CodeIgniter.php(832): App\Controllers\Admin\Usuarios->show('assets', 'img', 'profile-img.jpg')
#2 C:\xampp\htdocs\ci4-food\vendor\codeigniter4\framework\system\CodeIgniter.php(419): CodeIgniter\CodeIgniter->runController(Object(App\Controllers\Admin\Usuarios))
#3 C:\xampp\htdocs\ci4-food\vendor\codeigniter4\framework\system\CodeIgniter.php(326): CodeIgniter\CodeIgniter->handleRequest(NULL, Object(Config\Cache), false)
#4 C:\xampp\htdocs\ci4-food\public\index.php(37): CodeIgniter\CodeIgniter->run()
#5 C:\xampp\htdocs\ci4-food\vendor\codeigniter4\framework\system\Commands\Server\rewrite.php(43): require_once('C:\\xampp\\htdocs...')
#6 {main}
CRITICAL - 2022-05-29 21:19:48 --> Argument 1 passed to App\Controllers\Admin\Usuarios::buscaUsuarioOu404() must be of the type int or null, string given, called in C:\xampp\htdocs\ci4-food\app\Controllers\Admin\Usuarios.php on line 49
#0 C:\xampp\htdocs\ci4-food\app\Controllers\Admin\Usuarios.php(49): App\Controllers\Admin\Usuarios->buscaUsuarioOu404('assets')
#1 C:\xampp\htdocs\ci4-food\vendor\codeigniter4\framework\system\CodeIgniter.php(832): App\Controllers\Admin\Usuarios->show('assets', 'img', 'profile-img.jpg')
#2 C:\xampp\htdocs\ci4-food\vendor\codeigniter4\framework\system\CodeIgniter.php(419): CodeIgniter\CodeIgniter->runController(Object(App\Controllers\Admin\Usuarios))
#3 C:\xampp\htdocs\ci4-food\vendor\codeigniter4\framework\system\CodeIgniter.php(326): CodeIgniter\CodeIgniter->handleRequest(NULL, Object(Config\Cache), false)
#4 C:\xampp\htdocs\ci4-food\public\index.php(37): CodeIgniter\CodeIgniter->run()
#5 C:\xampp\htdocs\ci4-food\vendor\codeigniter4\framework\system\Commands\Server\rewrite.php(43): require_once('C:\\xampp\\htdocs...')
#6 {main}
CRITICAL - 2022-05-29 21:20:55 --> Argument 1 passed to App\Controllers\Admin\Usuarios::buscaUsuarioOu404() must be of the type int or null, string given, called in C:\xampp\htdocs\ci4-food\app\Controllers\Admin\Usuarios.php on line 49
#0 C:\xampp\htdocs\ci4-food\app\Controllers\Admin\Usuarios.php(49): App\Controllers\Admin\Usuarios->buscaUsuarioOu404('assets')
#1 C:\xampp\htdocs\ci4-food\vendor\codeigniter4\framework\system\CodeIgniter.php(832): App\Controllers\Admin\Usuarios->show('assets', 'img', 'profile-img.jpg')
#2 C:\xampp\htdocs\ci4-food\vendor\codeigniter4\framework\system\CodeIgniter.php(419): CodeIgniter\CodeIgniter->runController(Object(App\Controllers\Admin\Usuarios))
#3 C:\xampp\htdocs\ci4-food\vendor\codeigniter4\framework\system\CodeIgniter.php(326): CodeIgniter\CodeIgniter->handleRequest(NULL, Object(Config\Cache), false)
#4 C:\xampp\htdocs\ci4-food\public\index.php(37): CodeIgniter\CodeIgniter->run()
#5 C:\xampp\htdocs\ci4-food\vendor\codeigniter4\framework\system\Commands\Server\rewrite.php(43): require_once('C:\\xampp\\htdocs...')
#6 {main}
CRITICAL - 2022-05-29 21:21:20 --> Argument 1 passed to App\Controllers\Admin\Usuarios::buscaUsuarioOu404() must be of the type int or null, string given, called in C:\xampp\htdocs\ci4-food\app\Controllers\Admin\Usuarios.php on line 49
#0 C:\xampp\htdocs\ci4-food\app\Controllers\Admin\Usuarios.php(49): App\Controllers\Admin\Usuarios->buscaUsuarioOu404('assets')
#1 C:\xampp\htdocs\ci4-food\vendor\codeigniter4\framework\system\CodeIgniter.php(832): App\Controllers\Admin\Usuarios->show('assets', 'img', 'profile-img.jpg')
#2 C:\xampp\htdocs\ci4-food\vendor\codeigniter4\framework\system\CodeIgniter.php(419): CodeIgniter\CodeIgniter->runController(Object(App\Controllers\Admin\Usuarios))
#3 C:\xampp\htdocs\ci4-food\vendor\codeigniter4\framework\system\CodeIgniter.php(326): CodeIgniter\CodeIgniter->handleRequest(NULL, Object(Config\Cache), false)
#4 C:\xampp\htdocs\ci4-food\public\index.php(37): CodeIgniter\CodeIgniter->run()
#5 C:\xampp\htdocs\ci4-food\vendor\codeigniter4\framework\system\Commands\Server\rewrite.php(43): require_once('C:\\xampp\\htdocs...')
#6 {main}
CRITICAL - 2022-05-29 21:21:31 --> Argument 1 passed to App\Controllers\Admin\Usuarios::buscaUsuarioOu404() must be of the type int or null, string given, called in C:\xampp\htdocs\ci4-food\app\Controllers\Admin\Usuarios.php on line 49
#0 C:\xampp\htdocs\ci4-food\app\Controllers\Admin\Usuarios.php(49): App\Controllers\Admin\Usuarios->buscaUsuarioOu404('assets')
#1 C:\xampp\htdocs\ci4-food\vendor\codeigniter4\framework\system\CodeIgniter.php(832): App\Controllers\Admin\Usuarios->show('assets', 'img', 'profile-img.jpg')
#2 C:\xampp\htdocs\ci4-food\vendor\codeigniter4\framework\system\CodeIgniter.php(419): CodeIgniter\CodeIgniter->runController(Object(App\Controllers\Admin\Usuarios))
#3 C:\xampp\htdocs\ci4-food\vendor\codeigniter4\framework\system\CodeIgniter.php(326): CodeIgniter\CodeIgniter->handleRequest(NULL, Object(Config\Cache), false)
#4 C:\xampp\htdocs\ci4-food\public\index.php(37): CodeIgniter\CodeIgniter->run()
#5 C:\xampp\htdocs\ci4-food\vendor\codeigniter4\framework\system\Commands\Server\rewrite.php(43): require_once('C:\\xampp\\htdocs...')
#6 {main}
CRITICAL - 2022-05-29 21:21:53 --> Argument 1 passed to App\Controllers\Admin\Usuarios::buscaUsuarioOu404() must be of the type int or null, string given, called in C:\xampp\htdocs\ci4-food\app\Controllers\Admin\Usuarios.php on line 49
#0 C:\xampp\htdocs\ci4-food\app\Controllers\Admin\Usuarios.php(49): App\Controllers\Admin\Usuarios->buscaUsuarioOu404('assets')
#1 C:\xampp\htdocs\ci4-food\vendor\codeigniter4\framework\system\CodeIgniter.php(832): App\Controllers\Admin\Usuarios->show('assets', 'img', 'profile-img.jpg')
#2 C:\xampp\htdocs\ci4-food\vendor\codeigniter4\framework\system\CodeIgniter.php(419): CodeIgniter\CodeIgniter->runController(Object(App\Controllers\Admin\Usuarios))
#3 C:\xampp\htdocs\ci4-food\vendor\codeigniter4\framework\system\CodeIgniter.php(326): CodeIgniter\CodeIgniter->handleRequest(NULL, Object(Config\Cache), false)
#4 C:\xampp\htdocs\ci4-food\public\index.php(37): CodeIgniter\CodeIgniter->run()
#5 C:\xampp\htdocs\ci4-food\vendor\codeigniter4\framework\system\Commands\Server\rewrite.php(43): require_once('C:\\xampp\\htdocs...')
#6 {main}
CRITICAL - 2022-05-29 21:22:08 --> Argument 1 passed to App\Controllers\Admin\Usuarios::buscaUsuarioOu404() must be of the type int or null, string given, called in C:\xampp\htdocs\ci4-food\app\Controllers\Admin\Usuarios.php on line 49
#0 C:\xampp\htdocs\ci4-food\app\Controllers\Admin\Usuarios.php(49): App\Controllers\Admin\Usuarios->buscaUsuarioOu404('assets')
#1 C:\xampp\htdocs\ci4-food\vendor\codeigniter4\framework\system\CodeIgniter.php(832): App\Controllers\Admin\Usuarios->show('assets', 'img', 'profile-img.jpg')
#2 C:\xampp\htdocs\ci4-food\vendor\codeigniter4\framework\system\CodeIgniter.php(419): CodeIgniter\CodeIgniter->runController(Object(App\Controllers\Admin\Usuarios))
#3 C:\xampp\htdocs\ci4-food\vendor\codeigniter4\framework\system\CodeIgniter.php(326): CodeIgniter\CodeIgniter->handleRequest(NULL, Object(Config\Cache), false)
#4 C:\xampp\htdocs\ci4-food\public\index.php(37): CodeIgniter\CodeIgniter->run()
#5 C:\xampp\htdocs\ci4-food\vendor\codeigniter4\framework\system\Commands\Server\rewrite.php(43): require_once('C:\\xampp\\htdocs...')
#6 {main}
CRITICAL - 2022-05-29 21:22:49 --> Argument 1 passed to App\Controllers\Admin\Usuarios::buscaUsuarioOu404() must be of the type int or null, string given, called in C:\xampp\htdocs\ci4-food\app\Controllers\Admin\Usuarios.php on line 49
#0 C:\xampp\htdocs\ci4-food\app\Controllers\Admin\Usuarios.php(49): App\Controllers\Admin\Usuarios->buscaUsuarioOu404('assets')
#1 C:\xampp\htdocs\ci4-food\vendor\codeigniter4\framework\system\CodeIgniter.php(832): App\Controllers\Admin\Usuarios->show('assets', 'img', 'profile-img.jpg')
#2 C:\xampp\htdocs\ci4-food\vendor\codeigniter4\framework\system\CodeIgniter.php(419): CodeIgniter\CodeIgniter->runController(Object(App\Controllers\Admin\Usuarios))
#3 C:\xampp\htdocs\ci4-food\vendor\codeigniter4\framework\system\CodeIgniter.php(326): CodeIgniter\CodeIgniter->handleRequest(NULL, Object(Config\Cache), false)
#4 C:\xampp\htdocs\ci4-food\public\index.php(37): CodeIgniter\CodeIgniter->run()
#5 C:\xampp\htdocs\ci4-food\vendor\codeigniter4\framework\system\Commands\Server\rewrite.php(43): require_once('C:\\xampp\\htdocs...')
#6 {main}
CRITICAL - 2022-05-29 21:23:16 --> Argument 1 passed to App\Controllers\Admin\Usuarios::buscaUsuarioOu404() must be of the type int or null, string given, called in C:\xampp\htdocs\ci4-food\app\Controllers\Admin\Usuarios.php on line 49
#0 C:\xampp\htdocs\ci4-food\app\Controllers\Admin\Usuarios.php(49): App\Controllers\Admin\Usuarios->buscaUsuarioOu404('assets')
#1 C:\xampp\htdocs\ci4-food\vendor\codeigniter4\framework\system\CodeIgniter.php(832): App\Controllers\Admin\Usuarios->show('assets', 'img', 'profile-img.jpg')
#2 C:\xampp\htdocs\ci4-food\vendor\codeigniter4\framework\system\CodeIgniter.php(419): CodeIgniter\CodeIgniter->runController(Object(App\Controllers\Admin\Usuarios))
#3 C:\xampp\htdocs\ci4-food\vendor\codeigniter4\framework\system\CodeIgniter.php(326): CodeIgniter\CodeIgniter->handleRequest(NULL, Object(Config\Cache), false)
#4 C:\xampp\htdocs\ci4-food\public\index.php(37): CodeIgniter\CodeIgniter->run()
#5 C:\xampp\htdocs\ci4-food\vendor\codeigniter4\framework\system\Commands\Server\rewrite.php(43): require_once('C:\\xampp\\htdocs...')
#6 {main}
CRITICAL - 2022-05-29 21:24:11 --> Argument 1 passed to App\Controllers\Admin\Usuarios::buscaUsuarioOu404() must be of the type int or null, string given, called in C:\xampp\htdocs\ci4-food\app\Controllers\Admin\Usuarios.php on line 49
#0 C:\xampp\htdocs\ci4-food\app\Controllers\Admin\Usuarios.php(49): App\Controllers\Admin\Usuarios->buscaUsuarioOu404('assets')
#1 C:\xampp\htdocs\ci4-food\vendor\codeigniter4\framework\system\CodeIgniter.php(832): App\Controllers\Admin\Usuarios->show('assets', 'img', 'profile-img.jpg')
#2 C:\xampp\htdocs\ci4-food\vendor\codeigniter4\framework\system\CodeIgniter.php(419): CodeIgniter\CodeIgniter->runController(Object(App\Controllers\Admin\Usuarios))
#3 C:\xampp\htdocs\ci4-food\vendor\codeigniter4\framework\system\CodeIgniter.php(326): CodeIgniter\CodeIgniter->handleRequest(NULL, Object(Config\Cache), false)
#4 C:\xampp\htdocs\ci4-food\public\index.php(37): CodeIgniter\CodeIgniter->run()
#5 C:\xampp\htdocs\ci4-food\vendor\codeigniter4\framework\system\Commands\Server\rewrite.php(43): require_once('C:\\xampp\\htdocs...')
#6 {main}
CRITICAL - 2022-05-29 21:25:32 --> Argument 1 passed to App\Controllers\Admin\Usuarios::buscaUsuarioOu404() must be of the type int or null, string given, called in C:\xampp\htdocs\ci4-food\app\Controllers\Admin\Usuarios.php on line 49
#0 C:\xampp\htdocs\ci4-food\app\Controllers\Admin\Usuarios.php(49): App\Controllers\Admin\Usuarios->buscaUsuarioOu404('assets')
#1 C:\xampp\htdocs\ci4-food\vendor\codeigniter4\framework\system\CodeIgniter.php(832): App\Controllers\Admin\Usuarios->show('assets', 'img', 'profile-img.jpg')
#2 C:\xampp\htdocs\ci4-food\vendor\codeigniter4\framework\system\CodeIgniter.php(419): CodeIgniter\CodeIgniter->runController(Object(App\Controllers\Admin\Usuarios))
#3 C:\xampp\htdocs\ci4-food\vendor\codeigniter4\framework\system\CodeIgniter.php(326): CodeIgniter\CodeIgniter->handleRequest(NULL, Object(Config\Cache), false)
#4 C:\xampp\htdocs\ci4-food\public\index.php(37): CodeIgniter\CodeIgniter->run()
#5 C:\xampp\htdocs\ci4-food\vendor\codeigniter4\framework\system\Commands\Server\rewrite.php(43): require_once('C:\\xampp\\htdocs...')
#6 {main}
CRITICAL - 2022-05-29 21:25:46 --> Argument 1 passed to App\Controllers\Admin\Usuarios::buscaUsuarioOu404() must be of the type int or null, string given, called in C:\xampp\htdocs\ci4-food\app\Controllers\Admin\Usuarios.php on line 49
#0 C:\xampp\htdocs\ci4-food\app\Controllers\Admin\Usuarios.php(49): App\Controllers\Admin\Usuarios->buscaUsuarioOu404('assets')
#1 C:\xampp\htdocs\ci4-food\vendor\codeigniter4\framework\system\CodeIgniter.php(832): App\Controllers\Admin\Usuarios->show('assets', 'img', 'profile-img.jpg')
#2 C:\xampp\htdocs\ci4-food\vendor\codeigniter4\framework\system\CodeIgniter.php(419): CodeIgniter\CodeIgniter->runController(Object(App\Controllers\Admin\Usuarios))
#3 C:\xampp\htdocs\ci4-food\vendor\codeigniter4\framework\system\CodeIgniter.php(326): CodeIgniter\CodeIgniter->handleRequest(NULL, Object(Config\Cache), false)
#4 C:\xampp\htdocs\ci4-food\public\index.php(37): CodeIgniter\CodeIgniter->run()
#5 C:\xampp\htdocs\ci4-food\vendor\codeigniter4\framework\system\Commands\Server\rewrite.php(43): require_once('C:\\xampp\\htdocs...')
#6 {main}
CRITICAL - 2022-05-29 21:25:53 --> Argument 1 passed to App\Controllers\Admin\Usuarios::buscaUsuarioOu404() must be of the type int or null, string given, called in C:\xampp\htdocs\ci4-food\app\Controllers\Admin\Usuarios.php on line 49
#0 C:\xampp\htdocs\ci4-food\app\Controllers\Admin\Usuarios.php(49): App\Controllers\Admin\Usuarios->buscaUsuarioOu404('assets')
#1 C:\xampp\htdocs\ci4-food\vendor\codeigniter4\framework\system\CodeIgniter.php(832): App\Controllers\Admin\Usuarios->show('assets', 'img', 'profile-img.jpg')
#2 C:\xampp\htdocs\ci4-food\vendor\codeigniter4\framework\system\CodeIgniter.php(419): CodeIgniter\CodeIgniter->runController(Object(App\Controllers\Admin\Usuarios))
#3 C:\xampp\htdocs\ci4-food\vendor\codeigniter4\framework\system\CodeIgniter.php(326): CodeIgniter\CodeIgniter->handleRequest(NULL, Object(Config\Cache), false)
#4 C:\xampp\htdocs\ci4-food\public\index.php(37): CodeIgniter\CodeIgniter->run()
#5 C:\xampp\htdocs\ci4-food\vendor\codeigniter4\framework\system\Commands\Server\rewrite.php(43): require_once('C:\\xampp\\htdocs...')
#6 {main}
CRITICAL - 2022-05-29 21:25:58 --> Argument 1 passed to App\Controllers\Admin\Usuarios::buscaUsuarioOu404() must be of the type int or null, string given, called in C:\xampp\htdocs\ci4-food\app\Controllers\Admin\Usuarios.php on line 49
#0 C:\xampp\htdocs\ci4-food\app\Controllers\Admin\Usuarios.php(49): App\Controllers\Admin\Usuarios->buscaUsuarioOu404('assets')
#1 C:\xampp\htdocs\ci4-food\vendor\codeigniter4\framework\system\CodeIgniter.php(832): App\Controllers\Admin\Usuarios->show('assets', 'img', 'profile-img.jpg')
#2 C:\xampp\htdocs\ci4-food\vendor\codeigniter4\framework\system\CodeIgniter.php(419): CodeIgniter\CodeIgniter->runController(Object(App\Controllers\Admin\Usuarios))
#3 C:\xampp\htdocs\ci4-food\vendor\codeigniter4\framework\system\CodeIgniter.php(326): CodeIgniter\CodeIgniter->handleRequest(NULL, Object(Config\Cache), false)
#4 C:\xampp\htdocs\ci4-food\public\index.php(37): CodeIgniter\CodeIgniter->run()
#5 C:\xampp\htdocs\ci4-food\vendor\codeigniter4\framework\system\Commands\Server\rewrite.php(43): require_once('C:\\xampp\\htdocs...')
#6 {main}
CRITICAL - 2022-05-29 21:26:20 --> Argument 1 passed to App\Controllers\Admin\Usuarios::buscaUsuarioOu404() must be of the type int or null, string given, called in C:\xampp\htdocs\ci4-food\app\Controllers\Admin\Usuarios.php on line 49
#0 C:\xampp\htdocs\ci4-food\app\Controllers\Admin\Usuarios.php(49): App\Controllers\Admin\Usuarios->buscaUsuarioOu404('assets')
#1 C:\xampp\htdocs\ci4-food\vendor\codeigniter4\framework\system\CodeIgniter.php(832): App\Controllers\Admin\Usuarios->show('assets', 'img', 'profile-img.jpg')
#2 C:\xampp\htdocs\ci4-food\vendor\codeigniter4\framework\system\CodeIgniter.php(419): CodeIgniter\CodeIgniter->runController(Object(App\Controllers\Admin\Usuarios))
#3 C:\xampp\htdocs\ci4-food\vendor\codeigniter4\framework\system\CodeIgniter.php(326): CodeIgniter\CodeIgniter->handleRequest(NULL, Object(Config\Cache), false)
#4 C:\xampp\htdocs\ci4-food\public\index.php(37): CodeIgniter\CodeIgniter->run()
#5 C:\xampp\htdocs\ci4-food\vendor\codeigniter4\framework\system\Commands\Server\rewrite.php(43): require_once('C:\\xampp\\htdocs...')
#6 {main}
CRITICAL - 2022-05-29 21:26:22 --> Argument 1 passed to App\Controllers\Admin\Usuarios::buscaUsuarioOu404() must be of the type int or null, string given, called in C:\xampp\htdocs\ci4-food\app\Controllers\Admin\Usuarios.php on line 49
#0 C:\xampp\htdocs\ci4-food\app\Controllers\Admin\Usuarios.php(49): App\Controllers\Admin\Usuarios->buscaUsuarioOu404('assets')
#1 C:\xampp\htdocs\ci4-food\vendor\codeigniter4\framework\system\CodeIgniter.php(832): App\Controllers\Admin\Usuarios->show('assets', 'img', 'profile-img.jpg')
#2 C:\xampp\htdocs\ci4-food\vendor\codeigniter4\framework\system\CodeIgniter.php(419): CodeIgniter\CodeIgniter->runController(Object(App\Controllers\Admin\Usuarios))
#3 C:\xampp\htdocs\ci4-food\vendor\codeigniter4\framework\system\CodeIgniter.php(326): CodeIgniter\CodeIgniter->handleRequest(NULL, Object(Config\Cache), false)
#4 C:\xampp\htdocs\ci4-food\public\index.php(37): CodeIgniter\CodeIgniter->run()
#5 C:\xampp\htdocs\ci4-food\vendor\codeigniter4\framework\system\Commands\Server\rewrite.php(43): require_once('C:\\xampp\\htdocs...')
#6 {main}
CRITICAL - 2022-05-29 21:26:28 --> Argument 1 passed to App\Controllers\Admin\Usuarios::buscaUsuarioOu404() must be of the type int or null, string given, called in C:\xampp\htdocs\ci4-food\app\Controllers\Admin\Usuarios.php on line 49
#0 C:\xampp\htdocs\ci4-food\app\Controllers\Admin\Usuarios.php(49): App\Controllers\Admin\Usuarios->buscaUsuarioOu404('assets')
#1 C:\xampp\htdocs\ci4-food\vendor\codeigniter4\framework\system\CodeIgniter.php(832): App\Controllers\Admin\Usuarios->show('assets', 'img', 'profile-img.jpg')
#2 C:\xampp\htdocs\ci4-food\vendor\codeigniter4\framework\system\CodeIgniter.php(419): CodeIgniter\CodeIgniter->runController(Object(App\Controllers\Admin\Usuarios))
#3 C:\xampp\htdocs\ci4-food\vendor\codeigniter4\framework\system\CodeIgniter.php(326): CodeIgniter\CodeIgniter->handleRequest(NULL, Object(Config\Cache), false)
#4 C:\xampp\htdocs\ci4-food\public\index.php(37): CodeIgniter\CodeIgniter->run()
#5 C:\xampp\htdocs\ci4-food\vendor\codeigniter4\framework\system\Commands\Server\rewrite.php(43): require_once('C:\\xampp\\htdocs...')
#6 {main}
CRITICAL - 2022-05-29 21:26:37 --> Argument 1 passed to App\Controllers\Admin\Usuarios::buscaUsuarioOu404() must be of the type int or null, string given, called in C:\xampp\htdocs\ci4-food\app\Controllers\Admin\Usuarios.php on line 49
#0 C:\xampp\htdocs\ci4-food\app\Controllers\Admin\Usuarios.php(49): App\Controllers\Admin\Usuarios->buscaUsuarioOu404('assets')
#1 C:\xampp\htdocs\ci4-food\vendor\codeigniter4\framework\system\CodeIgniter.php(832): App\Controllers\Admin\Usuarios->show('assets', 'img', 'profile-img.jpg')
#2 C:\xampp\htdocs\ci4-food\vendor\codeigniter4\framework\system\CodeIgniter.php(419): CodeIgniter\CodeIgniter->runController(Object(App\Controllers\Admin\Usuarios))
#3 C:\xampp\htdocs\ci4-food\vendor\codeigniter4\framework\system\CodeIgniter.php(326): CodeIgniter\CodeIgniter->handleRequest(NULL, Object(Config\Cache), false)
#4 C:\xampp\htdocs\ci4-food\public\index.php(37): CodeIgniter\CodeIgniter->run()
#5 C:\xampp\htdocs\ci4-food\vendor\codeigniter4\framework\system\Commands\Server\rewrite.php(43): require_once('C:\\xampp\\htdocs...')
#6 {main}
CRITICAL - 2022-05-29 21:27:27 --> Argument 1 passed to App\Controllers\Admin\Usuarios::buscaUsuarioOu404() must be of the type int or null, string given, called in C:\xampp\htdocs\ci4-food\app\Controllers\Admin\Usuarios.php on line 49
#0 C:\xampp\htdocs\ci4-food\app\Controllers\Admin\Usuarios.php(49): App\Controllers\Admin\Usuarios->buscaUsuarioOu404('assets')
#1 C:\xampp\htdocs\ci4-food\vendor\codeigniter4\framework\system\CodeIgniter.php(832): App\Controllers\Admin\Usuarios->show('assets', 'img', 'profile-img.jpg')
#2 C:\xampp\htdocs\ci4-food\vendor\codeigniter4\framework\system\CodeIgniter.php(419): CodeIgniter\CodeIgniter->runController(Object(App\Controllers\Admin\Usuarios))
#3 C:\xampp\htdocs\ci4-food\vendor\codeigniter4\framework\system\CodeIgniter.php(326): CodeIgniter\CodeIgniter->handleRequest(NULL, Object(Config\Cache), false)
#4 C:\xampp\htdocs\ci4-food\public\index.php(37): CodeIgniter\CodeIgniter->run()
#5 C:\xampp\htdocs\ci4-food\vendor\codeigniter4\framework\system\Commands\Server\rewrite.php(43): require_once('C:\\xampp\\htdocs...')
#6 {main}
CRITICAL - 2022-05-29 21:27:44 --> Argument 1 passed to App\Controllers\Admin\Usuarios::buscaUsuarioOu404() must be of the type int or null, string given, called in C:\xampp\htdocs\ci4-food\app\Controllers\Admin\Usuarios.php on line 49
#0 C:\xampp\htdocs\ci4-food\app\Controllers\Admin\Usuarios.php(49): App\Controllers\Admin\Usuarios->buscaUsuarioOu404('assets')
#1 C:\xampp\htdocs\ci4-food\vendor\codeigniter4\framework\system\CodeIgniter.php(832): App\Controllers\Admin\Usuarios->show('assets', 'img', 'profile-img.jpg')
#2 C:\xampp\htdocs\ci4-food\vendor\codeigniter4\framework\system\CodeIgniter.php(419): CodeIgniter\CodeIgniter->runController(Object(App\Controllers\Admin\Usuarios))
#3 C:\xampp\htdocs\ci4-food\vendor\codeigniter4\framework\system\CodeIgniter.php(326): CodeIgniter\CodeIgniter->handleRequest(NULL, Object(Config\Cache), false)
#4 C:\xampp\htdocs\ci4-food\public\index.php(37): CodeIgniter\CodeIgniter->run()
#5 C:\xampp\htdocs\ci4-food\vendor\codeigniter4\framework\system\Commands\Server\rewrite.php(43): require_once('C:\\xampp\\htdocs...')
#6 {main}
CRITICAL - 2022-05-29 21:28:42 --> Call to a member function humanize() on null
#0 C:\xampp\htdocs\ci4-food\vendor\codeigniter4\framework\system\View\View.php(210): include()
#1 C:\xampp\htdocs\ci4-food\vendor\codeigniter4\framework\system\View\View.php(213): CodeIgniter\View\View->CodeIgniter\View\{closure}()
#2 C:\xampp\htdocs\ci4-food\vendor\codeigniter4\framework\system\Common.php(1089): CodeIgniter\View\View->render('Admin/Usuarios/...', Array, true)
#3 C:\xampp\htdocs\ci4-food\app\Controllers\Admin\Usuarios.php(54): view('Admin/Usuarios/...', Array)
#4 C:\xampp\htdocs\ci4-food\vendor\codeigniter4\framework\system\CodeIgniter.php(832): App\Controllers\Admin\Usuarios->show('1')
#5 C:\xampp\htdocs\ci4-food\vendor\codeigniter4\framework\system\CodeIgniter.php(419): CodeIgniter\CodeIgniter->runController(Object(App\Controllers\Admin\Usuarios))
#6 C:\xampp\htdocs\ci4-food\vendor\codeigniter4\framework\system\CodeIgniter.php(326): CodeIgniter\CodeIgniter->handleRequest(NULL, Object(Config\Cache), false)
#7 C:\xampp\htdocs\ci4-food\public\index.php(37): CodeIgniter\CodeIgniter->run()
#8 C:\xampp\htdocs\ci4-food\vendor\codeigniter4\framework\system\Commands\Server\rewrite.php(43): require_once('C:\\xampp\\htdocs...')
#9 {main}
CRITICAL - 2022-05-29 21:29:05 --> Call to a member function humanize() on null
#0 C:\xampp\htdocs\ci4-food\vendor\codeigniter4\framework\system\View\View.php(210): include()
#1 C:\xampp\htdocs\ci4-food\vendor\codeigniter4\framework\system\View\View.php(213): CodeIgniter\View\View->CodeIgniter\View\{closure}()
#2 C:\xampp\htdocs\ci4-food\vendor\codeigniter4\framework\system\Common.php(1089): CodeIgniter\View\View->render('Admin/Usuarios/...', Array, true)
#3 C:\xampp\htdocs\ci4-food\app\Controllers\Admin\Usuarios.php(54): view('Admin/Usuarios/...', Array)
#4 C:\xampp\htdocs\ci4-food\vendor\codeigniter4\framework\system\CodeIgniter.php(832): App\Controllers\Admin\Usuarios->show('1')
#5 C:\xampp\htdocs\ci4-food\vendor\codeigniter4\framework\system\CodeIgniter.php(419): CodeIgniter\CodeIgniter->runController(Object(App\Controllers\Admin\Usuarios))
#6 C:\xampp\htdocs\ci4-food\vendor\codeigniter4\framework\system\CodeIgniter.php(326): CodeIgniter\CodeIgniter->handleRequest(NULL, Object(Config\Cache), false)
#7 C:\xampp\htdocs\ci4-food\public\index.php(37): CodeIgniter\CodeIgniter->run()
#8 C:\xampp\htdocs\ci4-food\vendor\codeigniter4\framework\system\Commands\Server\rewrite.php(43): require_once('C:\\xampp\\htdocs...')
#9 {main}
CRITICAL - 2022-05-29 21:29:28 --> Call to a member function humanize() on null
#0 C:\xampp\htdocs\ci4-food\vendor\codeigniter4\framework\system\View\View.php(210): include()
#1 C:\xampp\htdocs\ci4-food\vendor\codeigniter4\framework\system\View\View.php(213): CodeIgniter\View\View->CodeIgniter\View\{closure}()
#2 C:\xampp\htdocs\ci4-food\vendor\codeigniter4\framework\system\Common.php(1089): CodeIgniter\View\View->render('Admin/Usuarios/...', Array, true)
#3 C:\xampp\htdocs\ci4-food\app\Controllers\Admin\Usuarios.php(54): view('Admin/Usuarios/...', Array)
#4 C:\xampp\htdocs\ci4-food\vendor\codeigniter4\framework\system\CodeIgniter.php(832): App\Controllers\Admin\Usuarios->show('1')
#5 C:\xampp\htdocs\ci4-food\vendor\codeigniter4\framework\system\CodeIgniter.php(419): CodeIgniter\CodeIgniter->runController(Object(App\Controllers\Admin\Usuarios))
#6 C:\xampp\htdocs\ci4-food\vendor\codeigniter4\framework\system\CodeIgniter.php(326): CodeIgniter\CodeIgniter->handleRequest(NULL, Object(Config\Cache), false)
#7 C:\xampp\htdocs\ci4-food\public\index.php(37): CodeIgniter\CodeIgniter->run()
#8 C:\xampp\htdocs\ci4-food\vendor\codeigniter4\framework\system\Commands\Server\rewrite.php(43): require_once('C:\\xampp\\htdocs...')
#9 {main}
CRITICAL - 2022-05-29 21:30:11 --> Call to a member function humanize() on null
#0 C:\xampp\htdocs\ci4-food\vendor\codeigniter4\framework\system\View\View.php(210): include()
#1 C:\xampp\htdocs\ci4-food\vendor\codeigniter4\framework\system\View\View.php(213): CodeIgniter\View\View->CodeIgniter\View\{closure}()
#2 C:\xampp\htdocs\ci4-food\vendor\codeigniter4\framework\system\Common.php(1089): CodeIgniter\View\View->render('Admin/Usuarios/...', Array, true)
#3 C:\xampp\htdocs\ci4-food\app\Controllers\Admin\Usuarios.php(54): view('Admin/Usuarios/...', Array)
#4 C:\xampp\htdocs\ci4-food\vendor\codeigniter4\framework\system\CodeIgniter.php(832): App\Controllers\Admin\Usuarios->show('1')
#5 C:\xampp\htdocs\ci4-food\vendor\codeigniter4\framework\system\CodeIgniter.php(419): CodeIgniter\CodeIgniter->runController(Object(App\Controllers\Admin\Usuarios))
#6 C:\xampp\htdocs\ci4-food\vendor\codeigniter4\framework\system\CodeIgniter.php(326): CodeIgniter\CodeIgniter->handleRequest(NULL, Object(Config\Cache), false)
#7 C:\xampp\htdocs\ci4-food\public\index.php(37): CodeIgniter\CodeIgniter->run()
#8 C:\xampp\htdocs\ci4-food\vendor\codeigniter4\framework\system\Commands\Server\rewrite.php(43): require_once('C:\\xampp\\htdocs...')
#9 {main}
CRITICAL - 2022-05-29 21:32:30 --> Call to a member function humanize() on null
#0 C:\xampp\htdocs\ci4-food\vendor\codeigniter4\framework\system\View\View.php(210): include()
#1 C:\xampp\htdocs\ci4-food\vendor\codeigniter4\framework\system\View\View.php(213): CodeIgniter\View\View->CodeIgniter\View\{closure}()
#2 C:\xampp\htdocs\ci4-food\vendor\codeigniter4\framework\system\Common.php(1089): CodeIgniter\View\View->render('Admin/Usuarios/...', Array, true)
#3 C:\xampp\htdocs\ci4-food\app\Controllers\Admin\Usuarios.php(54): view('Admin/Usuarios/...', Array)
#4 C:\xampp\htdocs\ci4-food\vendor\codeigniter4\framework\system\CodeIgniter.php(832): App\Controllers\Admin\Usuarios->show('1')
#5 C:\xampp\htdocs\ci4-food\vendor\codeigniter4\framework\system\CodeIgniter.php(419): CodeIgniter\CodeIgniter->runController(Object(App\Controllers\Admin\Usuarios))
#6 C:\xampp\htdocs\ci4-food\vendor\codeigniter4\framework\system\CodeIgniter.php(326): CodeIgniter\CodeIgniter->handleRequest(NULL, Object(Config\Cache), false)
#7 C:\xampp\htdocs\ci4-food\public\index.php(37): CodeIgniter\CodeIgniter->run()
#8 C:\xampp\htdocs\ci4-food\vendor\codeigniter4\framework\system\Commands\Server\rewrite.php(43): require_once('C:\\xampp\\htdocs...')
#9 {main}
CRITICAL - 2022-05-29 21:34:53 --> Call to a member function humanize() on null
#0 C:\xampp\htdocs\ci4-food\vendor\codeigniter4\framework\system\View\View.php(210): include()
#1 C:\xampp\htdocs\ci4-food\vendor\codeigniter4\framework\system\View\View.php(213): CodeIgniter\View\View->CodeIgniter\View\{closure}()
#2 C:\xampp\htdocs\ci4-food\vendor\codeigniter4\framework\system\Common.php(1089): CodeIgniter\View\View->render('Admin/Usuarios/...', Array, true)
#3 C:\xampp\htdocs\ci4-food\app\Controllers\Admin\Usuarios.php(54): view('Admin/Usuarios/...', Array)
#4 C:\xampp\htdocs\ci4-food\vendor\codeigniter4\framework\system\CodeIgniter.php(832): App\Controllers\Admin\Usuarios->show('1')
#5 C:\xampp\htdocs\ci4-food\vendor\codeigniter4\framework\system\CodeIgniter.php(419): CodeIgniter\CodeIgniter->runController(Object(App\Controllers\Admin\Usuarios))
#6 C:\xampp\htdocs\ci4-food\vendor\codeigniter4\framework\system\CodeIgniter.php(326): CodeIgniter\CodeIgniter->handleRequest(NULL, Object(Config\Cache), false)
#7 C:\xampp\htdocs\ci4-food\public\index.php(37): CodeIgniter\CodeIgniter->run()
#8 C:\xampp\htdocs\ci4-food\vendor\codeigniter4\framework\system\Commands\Server\rewrite.php(43): require_once('C:\\xampp\\htdocs...')
#9 {main}
CRITICAL - 2022-05-29 21:35:26 --> Call to a member function humanize() on null
#0 C:\xampp\htdocs\ci4-food\vendor\codeigniter4\framework\system\View\View.php(210): include()
#1 C:\xampp\htdocs\ci4-food\vendor\codeigniter4\framework\system\View\View.php(213): CodeIgniter\View\View->CodeIgniter\View\{closure}()
#2 C:\xampp\htdocs\ci4-food\vendor\codeigniter4\framework\system\Common.php(1089): CodeIgniter\View\View->render('Admin/Usuarios/...', Array, true)
#3 C:\xampp\htdocs\ci4-food\app\Controllers\Admin\Usuarios.php(54): view('Admin/Usuarios/...', Array)
#4 C:\xampp\htdocs\ci4-food\vendor\codeigniter4\framework\system\CodeIgniter.php(832): App\Controllers\Admin\Usuarios->show('1')
#5 C:\xampp\htdocs\ci4-food\vendor\codeigniter4\framework\system\CodeIgniter.php(419): CodeIgniter\CodeIgniter->runController(Object(App\Controllers\Admin\Usuarios))
#6 C:\xampp\htdocs\ci4-food\vendor\codeigniter4\framework\system\CodeIgniter.php(326): CodeIgniter\CodeIgniter->handleRequest(NULL, Object(Config\Cache), false)
#7 C:\xampp\htdocs\ci4-food\public\index.php(37): CodeIgniter\CodeIgniter->run()
#8 C:\xampp\htdocs\ci4-food\vendor\codeigniter4\framework\system\Commands\Server\rewrite.php(43): require_once('C:\\xampp\\htdocs...')
#9 {main}
CRITICAL - 2022-05-29 21:35:30 --> Call to a member function humanize() on null
#0 C:\xampp\htdocs\ci4-food\vendor\codeigniter4\framework\system\View\View.php(210): include()
#1 C:\xampp\htdocs\ci4-food\vendor\codeigniter4\framework\system\View\View.php(213): CodeIgniter\View\View->CodeIgniter\View\{closure}()
#2 C:\xampp\htdocs\ci4-food\vendor\codeigniter4\framework\system\Common.php(1089): CodeIgniter\View\View->render('Admin/Usuarios/...', Array, true)
#3 C:\xampp\htdocs\ci4-food\app\Controllers\Admin\Usuarios.php(54): view('Admin/Usuarios/...', Array)
#4 C:\xampp\htdocs\ci4-food\vendor\codeigniter4\framework\system\CodeIgniter.php(832): App\Controllers\Admin\Usuarios->show('2')
#5 C:\xampp\htdocs\ci4-food\vendor\codeigniter4\framework\system\CodeIgniter.php(419): CodeIgniter\CodeIgniter->runController(Object(App\Controllers\Admin\Usuarios))
#6 C:\xampp\htdocs\ci4-food\vendor\codeigniter4\framework\system\CodeIgniter.php(326): CodeIgniter\CodeIgniter->handleRequest(NULL, Object(Config\Cache), false)
#7 C:\xampp\htdocs\ci4-food\public\index.php(37): CodeIgniter\CodeIgniter->run()
#8 C:\xampp\htdocs\ci4-food\vendor\codeigniter4\framework\system\Commands\Server\rewrite.php(43): require_once('C:\\xampp\\htdocs...')
#9 {main}
CRITICAL - 2022-05-29 21:36:23 --> Argument 1 passed to App\Controllers\Admin\Usuarios::buscaUsuarioOu404() must be of the type int or null, string given, called in C:\xampp\htdocs\ci4-food\app\Controllers\Admin\Usuarios.php on line 49
#0 C:\xampp\htdocs\ci4-food\app\Controllers\Admin\Usuarios.php(49): App\Controllers\Admin\Usuarios->buscaUsuarioOu404('assets')
#1 C:\xampp\htdocs\ci4-food\vendor\codeigniter4\framework\system\CodeIgniter.php(832): App\Controllers\Admin\Usuarios->show('assets', 'img', 'profile-img.jpg')
#2 C:\xampp\htdocs\ci4-food\vendor\codeigniter4\framework\system\CodeIgniter.php(419): CodeIgniter\CodeIgniter->runController(Object(App\Controllers\Admin\Usuarios))
#3 C:\xampp\htdocs\ci4-food\vendor\codeigniter4\framework\system\CodeIgniter.php(326): CodeIgniter\CodeIgniter->handleRequest(NULL, Object(Config\Cache), false)
#4 C:\xampp\htdocs\ci4-food\public\index.php(37): CodeIgniter\CodeIgniter->run()
#5 C:\xampp\htdocs\ci4-food\vendor\codeigniter4\framework\system\Commands\Server\rewrite.php(43): require_once('C:\\xampp\\htdocs...')
#6 {main}
CRITICAL - 2022-05-29 21:36:30 --> Argument 1 passed to App\Controllers\Admin\Usuarios::buscaUsuarioOu404() must be of the type int or null, string given, called in C:\xampp\htdocs\ci4-food\app\Controllers\Admin\Usuarios.php on line 49
#0 C:\xampp\htdocs\ci4-food\app\Controllers\Admin\Usuarios.php(49): App\Controllers\Admin\Usuarios->buscaUsuarioOu404('assets')
#1 C:\xampp\htdocs\ci4-food\vendor\codeigniter4\framework\system\CodeIgniter.php(832): App\Controllers\Admin\Usuarios->show('assets', 'img', 'profile-img.jpg')
#2 C:\xampp\htdocs\ci4-food\vendor\codeigniter4\framework\system\CodeIgniter.php(419): CodeIgniter\CodeIgniter->runController(Object(App\Controllers\Admin\Usuarios))
#3 C:\xampp\htdocs\ci4-food\vendor\codeigniter4\framework\system\CodeIgniter.php(326): CodeIgniter\CodeIgniter->handleRequest(NULL, Object(Config\Cache), false)
#4 C:\xampp\htdocs\ci4-food\public\index.php(37): CodeIgniter\CodeIgniter->run()
#5 C:\xampp\htdocs\ci4-food\vendor\codeigniter4\framework\system\Commands\Server\rewrite.php(43): require_once('C:\\xampp\\htdocs...')
#6 {main}
CRITICAL - 2022-05-29 21:36:36 --> Argument 1 passed to App\Controllers\Admin\Usuarios::buscaUsuarioOu404() must be of the type int or null, string given, called in C:\xampp\htdocs\ci4-food\app\Controllers\Admin\Usuarios.php on line 49
#0 C:\xampp\htdocs\ci4-food\app\Controllers\Admin\Usuarios.php(49): App\Controllers\Admin\Usuarios->buscaUsuarioOu404('assets')
#1 C:\xampp\htdocs\ci4-food\vendor\codeigniter4\framework\system\CodeIgniter.php(832): App\Controllers\Admin\Usuarios->show('assets', 'img', 'profile-img.jpg')
#2 C:\xampp\htdocs\ci4-food\vendor\codeigniter4\framework\system\CodeIgniter.php(419): CodeIgniter\CodeIgniter->runController(Object(App\Controllers\Admin\Usuarios))
#3 C:\xampp\htdocs\ci4-food\vendor\codeigniter4\framework\system\CodeIgniter.php(326): CodeIgniter\CodeIgniter->handleRequest(NULL, Object(Config\Cache), false)
#4 C:\xampp\htdocs\ci4-food\public\index.php(37): CodeIgniter\CodeIgniter->run()
#5 C:\xampp\htdocs\ci4-food\vendor\codeigniter4\framework\system\Commands\Server\rewrite.php(43): require_once('C:\\xampp\\htdocs...')
#6 {main}
CRITICAL - 2022-05-29 21:37:45 --> Argument 1 passed to App\Controllers\Admin\Usuarios::buscaUsuarioOu404() must be of the type int or null, string given, called in C:\xampp\htdocs\ci4-food\app\Controllers\Admin\Usuarios.php on line 49
#0 C:\xampp\htdocs\ci4-food\app\Controllers\Admin\Usuarios.php(49): App\Controllers\Admin\Usuarios->buscaUsuarioOu404('assets')
#1 C:\xampp\htdocs\ci4-food\vendor\codeigniter4\framework\system\CodeIgniter.php(832): App\Controllers\Admin\Usuarios->show('assets', 'img', 'profile-img.jpg')
#2 C:\xampp\htdocs\ci4-food\vendor\codeigniter4\framework\system\CodeIgniter.php(419): CodeIgniter\CodeIgniter->runController(Object(App\Controllers\Admin\Usuarios))
#3 C:\xampp\htdocs\ci4-food\vendor\codeigniter4\framework\system\CodeIgniter.php(326): CodeIgniter\CodeIgniter->handleRequest(NULL, Object(Config\Cache), false)
#4 C:\xampp\htdocs\ci4-food\public\index.php(37): CodeIgniter\CodeIgniter->run()
#5 C:\xampp\htdocs\ci4-food\vendor\codeigniter4\framework\system\Commands\Server\rewrite.php(43): require_once('C:\\xampp\\htdocs...')
#6 {main}
CRITICAL - 2022-05-29 21:37:55 --> Argument 1 passed to App\Controllers\Admin\Usuarios::buscaUsuarioOu404() must be of the type int or null, string given, called in C:\xampp\htdocs\ci4-food\app\Controllers\Admin\Usuarios.php on line 49
#0 C:\xampp\htdocs\ci4-food\app\Controllers\Admin\Usuarios.php(49): App\Controllers\Admin\Usuarios->buscaUsuarioOu404('assets')
#1 C:\xampp\htdocs\ci4-food\vendor\codeigniter4\framework\system\CodeIgniter.php(832): App\Controllers\Admin\Usuarios->show('assets', 'img', 'profile-img.jpg')
#2 C:\xampp\htdocs\ci4-food\vendor\codeigniter4\framework\system\CodeIgniter.php(419): CodeIgniter\CodeIgniter->runController(Object(App\Controllers\Admin\Usuarios))
#3 C:\xampp\htdocs\ci4-food\vendor\codeigniter4\framework\system\CodeIgniter.php(326): CodeIgniter\CodeIgniter->handleRequest(NULL, Object(Config\Cache), false)
#4 C:\xampp\htdocs\ci4-food\public\index.php(37): CodeIgniter\CodeIgniter->run()
#5 C:\xampp\htdocs\ci4-food\vendor\codeigniter4\framework\system\Commands\Server\rewrite.php(43): require_once('C:\\xampp\\htdocs...')
#6 {main}
CRITICAL - 2022-05-29 21:38:04 --> Argument 1 passed to App\Controllers\Admin\Usuarios::buscaUsuarioOu404() must be of the type int or null, string given, called in C:\xampp\htdocs\ci4-food\app\Controllers\Admin\Usuarios.php on line 49
#0 C:\xampp\htdocs\ci4-food\app\Controllers\Admin\Usuarios.php(49): App\Controllers\Admin\Usuarios->buscaUsuarioOu404('assets')
#1 C:\xampp\htdocs\ci4-food\vendor\codeigniter4\framework\system\CodeIgniter.php(832): App\Controllers\Admin\Usuarios->show('assets', 'img', 'profile-img.jpg')
#2 C:\xampp\htdocs\ci4-food\vendor\codeigniter4\framework\system\CodeIgniter.php(419): CodeIgniter\CodeIgniter->runController(Object(App\Controllers\Admin\Usuarios))
#3 C:\xampp\htdocs\ci4-food\vendor\codeigniter4\framework\system\CodeIgniter.php(326): CodeIgniter\CodeIgniter->handleRequest(NULL, Object(Config\Cache), false)
#4 C:\xampp\htdocs\ci4-food\public\index.php(37): CodeIgniter\CodeIgniter->run()
#5 C:\xampp\htdocs\ci4-food\vendor\codeigniter4\framework\system\Commands\Server\rewrite.php(43): require_once('C:\\xampp\\htdocs...')
#6 {main}
CRITICAL - 2022-05-29 21:38:18 --> Argument 1 passed to App\Controllers\Admin\Usuarios::buscaUsuarioOu404() must be of the type int or null, string given, called in C:\xampp\htdocs\ci4-food\app\Controllers\Admin\Usuarios.php on line 49
#0 C:\xampp\htdocs\ci4-food\app\Controllers\Admin\Usuarios.php(49): App\Controllers\Admin\Usuarios->buscaUsuarioOu404('assets')
#1 C:\xampp\htdocs\ci4-food\vendor\codeigniter4\framework\system\CodeIgniter.php(832): App\Controllers\Admin\Usuarios->show('assets', 'img', 'profile-img.jpg')
#2 C:\xampp\htdocs\ci4-food\vendor\codeigniter4\framework\system\CodeIgniter.php(419): CodeIgniter\CodeIgniter->runController(Object(App\Controllers\Admin\Usuarios))
#3 C:\xampp\htdocs\ci4-food\vendor\codeigniter4\framework\system\CodeIgniter.php(326): CodeIgniter\CodeIgniter->handleRequest(NULL, Object(Config\Cache), false)
#4 C:\xampp\htdocs\ci4-food\public\index.php(37): CodeIgniter\CodeIgniter->run()
#5 C:\xampp\htdocs\ci4-food\vendor\codeigniter4\framework\system\Commands\Server\rewrite.php(43): require_once('C:\\xampp\\htdocs...')
#6 {main}
CRITICAL - 2022-05-29 21:39:12 --> Argument 1 passed to App\Controllers\Admin\Usuarios::buscaUsuarioOu404() must be of the type int or null, string given, called in C:\xampp\htdocs\ci4-food\app\Controllers\Admin\Usuarios.php on line 49
#0 C:\xampp\htdocs\ci4-food\app\Controllers\Admin\Usuarios.php(49): App\Controllers\Admin\Usuarios->buscaUsuarioOu404('assets')
#1 C:\xampp\htdocs\ci4-food\vendor\codeigniter4\framework\system\CodeIgniter.php(832): App\Controllers\Admin\Usuarios->show('assets', 'img', 'profile-img.jpg')
#2 C:\xampp\htdocs\ci4-food\vendor\codeigniter4\framework\system\CodeIgniter.php(419): CodeIgniter\CodeIgniter->runController(Object(App\Controllers\Admin\Usuarios))
#3 C:\xampp\htdocs\ci4-food\vendor\codeigniter4\framework\system\CodeIgniter.php(326): CodeIgniter\CodeIgniter->handleRequest(NULL, Object(Config\Cache), false)
#4 C:\xampp\htdocs\ci4-food\public\index.php(37): CodeIgniter\CodeIgniter->run()
#5 C:\xampp\htdocs\ci4-food\vendor\codeigniter4\framework\system\Commands\Server\rewrite.php(43): require_once('C:\\xampp\\htdocs...')
#6 {main}
CRITICAL - 2022-05-29 21:39:22 --> Argument 1 passed to App\Controllers\Admin\Usuarios::buscaUsuarioOu404() must be of the type int or null, string given, called in C:\xampp\htdocs\ci4-food\app\Controllers\Admin\Usuarios.php on line 49
#0 C:\xampp\htdocs\ci4-food\app\Controllers\Admin\Usuarios.php(49): App\Controllers\Admin\Usuarios->buscaUsuarioOu404('assets')
#1 C:\xampp\htdocs\ci4-food\vendor\codeigniter4\framework\system\CodeIgniter.php(832): App\Controllers\Admin\Usuarios->show('assets', 'img', 'profile-img.jpg')
#2 C:\xampp\htdocs\ci4-food\vendor\codeigniter4\framework\system\CodeIgniter.php(419): CodeIgniter\CodeIgniter->runController(Object(App\Controllers\Admin\Usuarios))
#3 C:\xampp\htdocs\ci4-food\vendor\codeigniter4\framework\system\CodeIgniter.php(326): CodeIgniter\CodeIgniter->handleRequest(NULL, Object(Config\Cache), false)
#4 C:\xampp\htdocs\ci4-food\public\index.php(37): CodeIgniter\CodeIgniter->run()
#5 C:\xampp\htdocs\ci4-food\vendor\codeigniter4\framework\system\Commands\Server\rewrite.php(43): require_once('C:\\xampp\\htdocs...')
#6 {main}
CRITICAL - 2022-05-29 21:39:33 --> Argument 1 passed to App\Controllers\Admin\Usuarios::buscaUsuarioOu404() must be of the type int or null, string given, called in C:\xampp\htdocs\ci4-food\app\Controllers\Admin\Usuarios.php on line 49
#0 C:\xampp\htdocs\ci4-food\app\Controllers\Admin\Usuarios.php(49): App\Controllers\Admin\Usuarios->buscaUsuarioOu404('assets')
#1 C:\xampp\htdocs\ci4-food\vendor\codeigniter4\framework\system\CodeIgniter.php(832): App\Controllers\Admin\Usuarios->show('assets', 'img', 'profile-img.jpg')
#2 C:\xampp\htdocs\ci4-food\vendor\codeigniter4\framework\system\CodeIgniter.php(419): CodeIgniter\CodeIgniter->runController(Object(App\Controllers\Admin\Usuarios))
#3 C:\xampp\htdocs\ci4-food\vendor\codeigniter4\framework\system\CodeIgniter.php(326): CodeIgniter\CodeIgniter->handleRequest(NULL, Object(Config\Cache), false)
#4 C:\xampp\htdocs\ci4-food\public\index.php(37): CodeIgniter\CodeIgniter->run()
#5 C:\xampp\htdocs\ci4-food\vendor\codeigniter4\framework\system\Commands\Server\rewrite.php(43): require_once('C:\\xampp\\htdocs...')
#6 {main}
CRITICAL - 2022-05-29 21:39:40 --> Argument 1 passed to App\Controllers\Admin\Usuarios::buscaUsuarioOu404() must be of the type int or null, string given, called in C:\xampp\htdocs\ci4-food\app\Controllers\Admin\Usuarios.php on line 49
#0 C:\xampp\htdocs\ci4-food\app\Controllers\Admin\Usuarios.php(49): App\Controllers\Admin\Usuarios->buscaUsuarioOu404('assets')
#1 C:\xampp\htdocs\ci4-food\vendor\codeigniter4\framework\system\CodeIgniter.php(832): App\Controllers\Admin\Usuarios->show('assets', 'img', 'profile-img.jpg')
#2 C:\xampp\htdocs\ci4-food\vendor\codeigniter4\framework\system\CodeIgniter.php(419): CodeIgniter\CodeIgniter->runController(Object(App\Controllers\Admin\Usuarios))
#3 C:\xampp\htdocs\ci4-food\vendor\codeigniter4\framework\system\CodeIgniter.php(326): CodeIgniter\CodeIgniter->handleRequest(NULL, Object(Config\Cache), false)
#4 C:\xampp\htdocs\ci4-food\public\index.php(37): CodeIgniter\CodeIgniter->run()
#5 C:\xampp\htdocs\ci4-food\vendor\codeigniter4\framework\system\Commands\Server\rewrite.php(43): require_once('C:\\xampp\\htdocs...')
#6 {main}
CRITICAL - 2022-05-29 21:40:35 --> Argument 1 passed to App\Controllers\Admin\Usuarios::buscaUsuarioOu404() must be of the type int or null, string given, called in C:\xampp\htdocs\ci4-food\app\Controllers\Admin\Usuarios.php on line 49
#0 C:\xampp\htdocs\ci4-food\app\Controllers\Admin\Usuarios.php(49): App\Controllers\Admin\Usuarios->buscaUsuarioOu404('assets')
#1 C:\xampp\htdocs\ci4-food\vendor\codeigniter4\framework\system\CodeIgniter.php(832): App\Controllers\Admin\Usuarios->show('assets', 'img', 'profile-img.jpg')
#2 C:\xampp\htdocs\ci4-food\vendor\codeigniter4\framework\system\CodeIgniter.php(419): CodeIgniter\CodeIgniter->runController(Object(App\Controllers\Admin\Usuarios))
#3 C:\xampp\htdocs\ci4-food\vendor\codeigniter4\framework\system\CodeIgniter.php(326): CodeIgniter\CodeIgniter->handleRequest(NULL, Object(Config\Cache), false)
#4 C:\xampp\htdocs\ci4-food\public\index.php(37): CodeIgniter\CodeIgniter->run()
#5 C:\xampp\htdocs\ci4-food\vendor\codeigniter4\framework\system\Commands\Server\rewrite.php(43): require_once('C:\\xampp\\htdocs...')
#6 {main}
CRITICAL - 2022-05-29 21:40:59 --> Argument 1 passed to App\Controllers\Admin\Usuarios::buscaUsuarioOu404() must be of the type int or null, string given, called in C:\xampp\htdocs\ci4-food\app\Controllers\Admin\Usuarios.php on line 49
#0 C:\xampp\htdocs\ci4-food\app\Controllers\Admin\Usuarios.php(49): App\Controllers\Admin\Usuarios->buscaUsuarioOu404('assets')
#1 C:\xampp\htdocs\ci4-food\vendor\codeigniter4\framework\system\CodeIgniter.php(832): App\Controllers\Admin\Usuarios->show('assets', 'img', 'profile-img.jpg')
#2 C:\xampp\htdocs\ci4-food\vendor\codeigniter4\framework\system\CodeIgniter.php(419): CodeIgniter\CodeIgniter->runController(Object(App\Controllers\Admin\Usuarios))
#3 C:\xampp\htdocs\ci4-food\vendor\codeigniter4\framework\system\CodeIgniter.php(326): CodeIgniter\CodeIgniter->handleRequest(NULL, Object(Config\Cache), false)
#4 C:\xampp\htdocs\ci4-food\public\index.php(37): CodeIgniter\CodeIgniter->run()
#5 C:\xampp\htdocs\ci4-food\vendor\codeigniter4\framework\system\Commands\Server\rewrite.php(43): require_once('C:\\xampp\\htdocs...')
#6 {main}
CRITICAL - 2022-05-29 21:41:45 --> Argument 1 passed to App\Controllers\Admin\Usuarios::buscaUsuarioOu404() must be of the type int or null, string given, called in C:\xampp\htdocs\ci4-food\app\Controllers\Admin\Usuarios.php on line 49
#0 C:\xampp\htdocs\ci4-food\app\Controllers\Admin\Usuarios.php(49): App\Controllers\Admin\Usuarios->buscaUsuarioOu404('assets')
#1 C:\xampp\htdocs\ci4-food\vendor\codeigniter4\framework\system\CodeIgniter.php(832): App\Controllers\Admin\Usuarios->show('assets', 'img', 'profile-img.jpg')
#2 C:\xampp\htdocs\ci4-food\vendor\codeigniter4\framework\system\CodeIgniter.php(419): CodeIgniter\CodeIgniter->runController(Object(App\Controllers\Admin\Usuarios))
#3 C:\xampp\htdocs\ci4-food\vendor\codeigniter4\framework\system\CodeIgniter.php(326): CodeIgniter\CodeIgniter->handleRequest(NULL, Object(Config\Cache), false)
#4 C:\xampp\htdocs\ci4-food\public\index.php(37): CodeIgniter\CodeIgniter->run()
#5 C:\xampp\htdocs\ci4-food\vendor\codeigniter4\framework\system\Commands\Server\rewrite.php(43): require_once('C:\\xampp\\htdocs...')
#6 {main}
CRITICAL - 2022-05-29 21:43:06 --> Argument 1 passed to App\Controllers\Admin\Usuarios::buscaUsuarioOu404() must be of the type int or null, string given, called in C:\xampp\htdocs\ci4-food\app\Controllers\Admin\Usuarios.php on line 49
#0 C:\xampp\htdocs\ci4-food\app\Controllers\Admin\Usuarios.php(49): App\Controllers\Admin\Usuarios->buscaUsuarioOu404('assets')
#1 C:\xampp\htdocs\ci4-food\vendor\codeigniter4\framework\system\CodeIgniter.php(832): App\Controllers\Admin\Usuarios->show('assets', 'img', 'profile-img.jpg')
#2 C:\xampp\htdocs\ci4-food\vendor\codeigniter4\framework\system\CodeIgniter.php(419): CodeIgniter\CodeIgniter->runController(Object(App\Controllers\Admin\Usuarios))
#3 C:\xampp\htdocs\ci4-food\vendor\codeigniter4\framework\system\CodeIgniter.php(326): CodeIgniter\CodeIgniter->handleRequest(NULL, Object(Config\Cache), false)
#4 C:\xampp\htdocs\ci4-food\public\index.php(37): CodeIgniter\CodeIgniter->run()
#5 C:\xampp\htdocs\ci4-food\vendor\codeigniter4\framework\system\Commands\Server\rewrite.php(43): require_once('C:\\xampp\\htdocs...')
#6 {main}
CRITICAL - 2022-05-29 21:43:19 --> Argument 1 passed to App\Controllers\Admin\Usuarios::buscaUsuarioOu404() must be of the type int or null, string given, called in C:\xampp\htdocs\ci4-food\app\Controllers\Admin\Usuarios.php on line 49
#0 C:\xampp\htdocs\ci4-food\app\Controllers\Admin\Usuarios.php(49): App\Controllers\Admin\Usuarios->buscaUsuarioOu404('assets')
#1 C:\xampp\htdocs\ci4-food\vendor\codeigniter4\framework\system\CodeIgniter.php(832): App\Controllers\Admin\Usuarios->show('assets', 'img', 'profile-img.jpg')
#2 C:\xampp\htdocs\ci4-food\vendor\codeigniter4\framework\system\CodeIgniter.php(419): CodeIgniter\CodeIgniter->runController(Object(App\Controllers\Admin\Usuarios))
#3 C:\xampp\htdocs\ci4-food\vendor\codeigniter4\framework\system\CodeIgniter.php(326): CodeIgniter\CodeIgniter->handleRequest(NULL, Object(Config\Cache), false)
#4 C:\xampp\htdocs\ci4-food\public\index.php(37): CodeIgniter\CodeIgniter->run()
#5 C:\xampp\htdocs\ci4-food\vendor\codeigniter4\framework\system\Commands\Server\rewrite.php(43): require_once('C:\\xampp\\htdocs...')
#6 {main}
CRITICAL - 2022-05-29 21:44:00 --> Argument 1 passed to App\Controllers\Admin\Usuarios::buscaUsuarioOu404() must be of the type int or null, string given, called in C:\xampp\htdocs\ci4-food\app\Controllers\Admin\Usuarios.php on line 49
#0 C:\xampp\htdocs\ci4-food\app\Controllers\Admin\Usuarios.php(49): App\Controllers\Admin\Usuarios->buscaUsuarioOu404('assets')
#1 C:\xampp\htdocs\ci4-food\vendor\codeigniter4\framework\system\CodeIgniter.php(832): App\Controllers\Admin\Usuarios->show('assets', 'img', 'profile-img.jpg')
#2 C:\xampp\htdocs\ci4-food\vendor\codeigniter4\framework\system\CodeIgniter.php(419): CodeIgniter\CodeIgniter->runController(Object(App\Controllers\Admin\Usuarios))
#3 C:\xampp\htdocs\ci4-food\vendor\codeigniter4\framework\system\CodeIgniter.php(326): CodeIgniter\CodeIgniter->handleRequest(NULL, Object(Config\Cache), false)
#4 C:\xampp\htdocs\ci4-food\public\index.php(37): CodeIgniter\CodeIgniter->run()
#5 C:\xampp\htdocs\ci4-food\vendor\codeigniter4\framework\system\Commands\Server\rewrite.php(43): require_once('C:\\xampp\\htdocs...')
#6 {main}
CRITICAL - 2022-05-29 21:44:11 --> Argument 1 passed to App\Controllers\Admin\Usuarios::buscaUsuarioOu404() must be of the type int or null, string given, called in C:\xampp\htdocs\ci4-food\app\Controllers\Admin\Usuarios.php on line 49
#0 C:\xampp\htdocs\ci4-food\app\Controllers\Admin\Usuarios.php(49): App\Controllers\Admin\Usuarios->buscaUsuarioOu404('assets')
#1 C:\xampp\htdocs\ci4-food\vendor\codeigniter4\framework\system\CodeIgniter.php(832): App\Controllers\Admin\Usuarios->show('assets', 'img', 'profile-img.jpg')
#2 C:\xampp\htdocs\ci4-food\vendor\codeigniter4\framework\system\CodeIgniter.php(419): CodeIgniter\CodeIgniter->runController(Object(App\Controllers\Admin\Usuarios))
#3 C:\xampp\htdocs\ci4-food\vendor\codeigniter4\framework\system\CodeIgniter.php(326): CodeIgniter\CodeIgniter->handleRequest(NULL, Object(Config\Cache), false)
#4 C:\xampp\htdocs\ci4-food\public\index.php(37): CodeIgniter\CodeIgniter->run()
#5 C:\xampp\htdocs\ci4-food\vendor\codeigniter4\framework\system\Commands\Server\rewrite.php(43): require_once('C:\\xampp\\htdocs...')
#6 {main}
CRITICAL - 2022-05-29 21:45:19 --> Argument 1 passed to App\Controllers\Admin\Usuarios::buscaUsuarioOu404() must be of the type int or null, string given, called in C:\xampp\htdocs\ci4-food\app\Controllers\Admin\Usuarios.php on line 49
#0 C:\xampp\htdocs\ci4-food\app\Controllers\Admin\Usuarios.php(49): App\Controllers\Admin\Usuarios->buscaUsuarioOu404('assets')
#1 C:\xampp\htdocs\ci4-food\vendor\codeigniter4\framework\system\CodeIgniter.php(832): App\Controllers\Admin\Usuarios->show('assets', 'img', 'profile-img.jpg')
#2 C:\xampp\htdocs\ci4-food\vendor\codeigniter4\framework\system\CodeIgniter.php(419): CodeIgniter\CodeIgniter->runController(Object(App\Controllers\Admin\Usuarios))
#3 C:\xampp\htdocs\ci4-food\vendor\codeigniter4\framework\system\CodeIgniter.php(326): CodeIgniter\CodeIgniter->handleRequest(NULL, Object(Config\Cache), false)
#4 C:\xampp\htdocs\ci4-food\public\index.php(37): CodeIgniter\CodeIgniter->run()
#5 C:\xampp\htdocs\ci4-food\vendor\codeigniter4\framework\system\Commands\Server\rewrite.php(43): require_once('C:\\xampp\\htdocs...')
#6 {main}
CRITICAL - 2022-05-29 21:47:02 --> Argument 1 passed to App\Controllers\Admin\Usuarios::buscaUsuarioOu404() must be of the type int or null, string given, called in C:\xampp\htdocs\ci4-food\app\Controllers\Admin\Usuarios.php on line 49
#0 C:\xampp\htdocs\ci4-food\app\Controllers\Admin\Usuarios.php(49): App\Controllers\Admin\Usuarios->buscaUsuarioOu404('assets')
#1 C:\xampp\htdocs\ci4-food\vendor\codeigniter4\framework\system\CodeIgniter.php(832): App\Controllers\Admin\Usuarios->show('assets', 'img', 'profile-img.jpg')
#2 C:\xampp\htdocs\ci4-food\vendor\codeigniter4\framework\system\CodeIgniter.php(419): CodeIgniter\CodeIgniter->runController(Object(App\Controllers\Admin\Usuarios))
#3 C:\xampp\htdocs\ci4-food\vendor\codeigniter4\framework\system\CodeIgniter.php(326): CodeIgniter\CodeIgniter->handleRequest(NULL, Object(Config\Cache), false)
#4 C:\xampp\htdocs\ci4-food\public\index.php(37): CodeIgniter\CodeIgniter->run()
#5 C:\xampp\htdocs\ci4-food\vendor\codeigniter4\framework\system\Commands\Server\rewrite.php(43): require_once('C:\\xampp\\htdocs...')
#6 {main}
CRITICAL - 2022-05-29 21:48:14 --> Argument 1 passed to App\Controllers\Admin\Usuarios::buscaUsuarioOu404() must be of the type int or null, string given, called in C:\xampp\htdocs\ci4-food\app\Controllers\Admin\Usuarios.php on line 49
#0 C:\xampp\htdocs\ci4-food\app\Controllers\Admin\Usuarios.php(49): App\Controllers\Admin\Usuarios->buscaUsuarioOu404('assets')
#1 C:\xampp\htdocs\ci4-food\vendor\codeigniter4\framework\system\CodeIgniter.php(832): App\Controllers\Admin\Usuarios->show('assets', 'img', 'profile-img.jpg')
#2 C:\xampp\htdocs\ci4-food\vendor\codeigniter4\framework\system\CodeIgniter.php(419): CodeIgniter\CodeIgniter->runController(Object(App\Controllers\Admin\Usuarios))
#3 C:\xampp\htdocs\ci4-food\vendor\codeigniter4\framework\system\CodeIgniter.php(326): CodeIgniter\CodeIgniter->handleRequest(NULL, Object(Config\Cache), false)
#4 C:\xampp\htdocs\ci4-food\public\index.php(37): CodeIgniter\CodeIgniter->run()
#5 C:\xampp\htdocs\ci4-food\vendor\codeigniter4\framework\system\Commands\Server\rewrite.php(43): require_once('C:\\xampp\\htdocs...')
#6 {main}
CRITICAL - 2022-05-29 21:48:27 --> Argument 1 passed to App\Controllers\Admin\Usuarios::buscaUsuarioOu404() must be of the type int or null, string given, called in C:\xampp\htdocs\ci4-food\app\Controllers\Admin\Usuarios.php on line 49
#0 C:\xampp\htdocs\ci4-food\app\Controllers\Admin\Usuarios.php(49): App\Controllers\Admin\Usuarios->buscaUsuarioOu404('assets')
#1 C:\xampp\htdocs\ci4-food\vendor\codeigniter4\framework\system\CodeIgniter.php(832): App\Controllers\Admin\Usuarios->show('assets', 'img', 'profile-img.jpg')
#2 C:\xampp\htdocs\ci4-food\vendor\codeigniter4\framework\system\CodeIgniter.php(419): CodeIgniter\CodeIgniter->runController(Object(App\Controllers\Admin\Usuarios))
#3 C:\xampp\htdocs\ci4-food\vendor\codeigniter4\framework\system\CodeIgniter.php(326): CodeIgniter\CodeIgniter->handleRequest(NULL, Object(Config\Cache), false)
#4 C:\xampp\htdocs\ci4-food\public\index.php(37): CodeIgniter\CodeIgniter->run()
#5 C:\xampp\htdocs\ci4-food\vendor\codeigniter4\framework\system\Commands\Server\rewrite.php(43): require_once('C:\\xampp\\htdocs...')
#6 {main}
CRITICAL - 2022-05-29 21:49:27 --> Argument 1 passed to App\Controllers\Admin\Usuarios::buscaUsuarioOu404() must be of the type int or null, string given, called in C:\xampp\htdocs\ci4-food\app\Controllers\Admin\Usuarios.php on line 49
#0 C:\xampp\htdocs\ci4-food\app\Controllers\Admin\Usuarios.php(49): App\Controllers\Admin\Usuarios->buscaUsuarioOu404('assets')
#1 C:\xampp\htdocs\ci4-food\vendor\codeigniter4\framework\system\CodeIgniter.php(832): App\Controllers\Admin\Usuarios->show('assets', 'img', 'profile-img.jpg')
#2 C:\xampp\htdocs\ci4-food\vendor\codeigniter4\framework\system\CodeIgniter.php(419): CodeIgniter\CodeIgniter->runController(Object(App\Controllers\Admin\Usuarios))
#3 C:\xampp\htdocs\ci4-food\vendor\codeigniter4\framework\system\CodeIgniter.php(326): CodeIgniter\CodeIgniter->handleRequest(NULL, Object(Config\Cache), false)
#4 C:\xampp\htdocs\ci4-food\public\index.php(37): CodeIgniter\CodeIgniter->run()
#5 C:\xampp\htdocs\ci4-food\vendor\codeigniter4\framework\system\Commands\Server\rewrite.php(43): require_once('C:\\xampp\\htdocs...')
#6 {main}
CRITICAL - 2022-05-29 21:50:13 --> Argument 1 passed to App\Controllers\Admin\Usuarios::buscaUsuarioOu404() must be of the type int or null, string given, called in C:\xampp\htdocs\ci4-food\app\Controllers\Admin\Usuarios.php on line 49
#0 C:\xampp\htdocs\ci4-food\app\Controllers\Admin\Usuarios.php(49): App\Controllers\Admin\Usuarios->buscaUsuarioOu404('assets')
#1 C:\xampp\htdocs\ci4-food\vendor\codeigniter4\framework\system\CodeIgniter.php(832): App\Controllers\Admin\Usuarios->show('assets', 'img', 'profile-img.jpg')
#2 C:\xampp\htdocs\ci4-food\vendor\codeigniter4\framework\system\CodeIgniter.php(419): CodeIgniter\CodeIgniter->runController(Object(App\Controllers\Admin\Usuarios))
#3 C:\xampp\htdocs\ci4-food\vendor\codeigniter4\framework\system\CodeIgniter.php(326): CodeIgniter\CodeIgniter->handleRequest(NULL, Object(Config\Cache), false)
#4 C:\xampp\htdocs\ci4-food\public\index.php(37): CodeIgniter\CodeIgniter->run()
#5 C:\xampp\htdocs\ci4-food\vendor\codeigniter4\framework\system\Commands\Server\rewrite.php(43): require_once('C:\\xampp\\htdocs...')
#6 {main}
CRITICAL - 2022-05-29 21:50:46 --> Argument 1 passed to App\Controllers\Admin\Usuarios::buscaUsuarioOu404() must be of the type int or null, string given, called in C:\xampp\htdocs\ci4-food\app\Controllers\Admin\Usuarios.php on line 49
#0 C:\xampp\htdocs\ci4-food\app\Controllers\Admin\Usuarios.php(49): App\Controllers\Admin\Usuarios->buscaUsuarioOu404('assets')
#1 C:\xampp\htdocs\ci4-food\vendor\codeigniter4\framework\system\CodeIgniter.php(832): App\Controllers\Admin\Usuarios->show('assets', 'img', 'profile-img.jpg')
#2 C:\xampp\htdocs\ci4-food\vendor\codeigniter4\framework\system\CodeIgniter.php(419): CodeIgniter\CodeIgniter->runController(Object(App\Controllers\Admin\Usuarios))
#3 C:\xampp\htdocs\ci4-food\vendor\codeigniter4\framework\system\CodeIgniter.php(326): CodeIgniter\CodeIgniter->handleRequest(NULL, Object(Config\Cache), false)
#4 C:\xampp\htdocs\ci4-food\public\index.php(37): CodeIgniter\CodeIgniter->run()
#5 C:\xampp\htdocs\ci4-food\vendor\codeigniter4\framework\system\Commands\Server\rewrite.php(43): require_once('C:\\xampp\\htdocs...')
#6 {main}
CRITICAL - 2022-05-29 21:53:13 --> Argument 1 passed to App\Controllers\Admin\Usuarios::buscaUsuarioOu404() must be of the type int or null, string given, called in C:\xampp\htdocs\ci4-food\app\Controllers\Admin\Usuarios.php on line 49
#0 C:\xampp\htdocs\ci4-food\app\Controllers\Admin\Usuarios.php(49): App\Controllers\Admin\Usuarios->buscaUsuarioOu404('assets')
#1 C:\xampp\htdocs\ci4-food\vendor\codeigniter4\framework\system\CodeIgniter.php(832): App\Controllers\Admin\Usuarios->show('assets', 'img', 'profile-img.jpg')
#2 C:\xampp\htdocs\ci4-food\vendor\codeigniter4\framework\system\CodeIgniter.php(419): CodeIgniter\CodeIgniter->runController(Object(App\Controllers\Admin\Usuarios))
#3 C:\xampp\htdocs\ci4-food\vendor\codeigniter4\framework\system\CodeIgniter.php(326): CodeIgniter\CodeIgniter->handleRequest(NULL, Object(Config\Cache), false)
#4 C:\xampp\htdocs\ci4-food\public\index.php(37): CodeIgniter\CodeIgniter->run()
#5 C:\xampp\htdocs\ci4-food\vendor\codeigniter4\framework\system\Commands\Server\rewrite.php(43): require_once('C:\\xampp\\htdocs...')
#6 {main}
CRITICAL - 2022-05-29 21:53:23 --> Argument 1 passed to App\Controllers\Admin\Usuarios::buscaUsuarioOu404() must be of the type int or null, string given, called in C:\xampp\htdocs\ci4-food\app\Controllers\Admin\Usuarios.php on line 49
#0 C:\xampp\htdocs\ci4-food\app\Controllers\Admin\Usuarios.php(49): App\Controllers\Admin\Usuarios->buscaUsuarioOu404('assets')
#1 C:\xampp\htdocs\ci4-food\vendor\codeigniter4\framework\system\CodeIgniter.php(832): App\Controllers\Admin\Usuarios->show('assets', 'img', 'profile-img.jpg')
#2 C:\xampp\htdocs\ci4-food\vendor\codeigniter4\framework\system\CodeIgniter.php(419): CodeIgniter\CodeIgniter->runController(Object(App\Controllers\Admin\Usuarios))
#3 C:\xampp\htdocs\ci4-food\vendor\codeigniter4\framework\system\CodeIgniter.php(326): CodeIgniter\CodeIgniter->handleRequest(NULL, Object(Config\Cache), false)
#4 C:\xampp\htdocs\ci4-food\public\index.php(37): CodeIgniter\CodeIgniter->run()
#5 C:\xampp\htdocs\ci4-food\vendor\codeigniter4\framework\system\Commands\Server\rewrite.php(43): require_once('C:\\xampp\\htdocs...')
#6 {main}
CRITICAL - 2022-05-29 21:53:44 --> Argument 1 passed to App\Controllers\Admin\Usuarios::buscaUsuarioOu404() must be of the type int or null, string given, called in C:\xampp\htdocs\ci4-food\app\Controllers\Admin\Usuarios.php on line 49
#0 C:\xampp\htdocs\ci4-food\app\Controllers\Admin\Usuarios.php(49): App\Controllers\Admin\Usuarios->buscaUsuarioOu404('assets')
#1 C:\xampp\htdocs\ci4-food\vendor\codeigniter4\framework\system\CodeIgniter.php(832): App\Controllers\Admin\Usuarios->show('assets', 'img', 'profile-img.jpg')
#2 C:\xampp\htdocs\ci4-food\vendor\codeigniter4\framework\system\CodeIgniter.php(419): CodeIgniter\CodeIgniter->runController(Object(App\Controllers\Admin\Usuarios))
#3 C:\xampp\htdocs\ci4-food\vendor\codeigniter4\framework\system\CodeIgniter.php(326): CodeIgniter\CodeIgniter->handleRequest(NULL, Object(Config\Cache), false)
#4 C:\xampp\htdocs\ci4-food\public\index.php(37): CodeIgniter\CodeIgniter->run()
#5 C:\xampp\htdocs\ci4-food\vendor\codeigniter4\framework\system\Commands\Server\rewrite.php(43): require_once('C:\\xampp\\htdocs...')
#6 {main}
CRITICAL - 2022-05-29 21:53:46 --> Undefined variable: usuarios
#0 C:\xampp\htdocs\ci4-food\app\Views\Admin\Usuarios\index.php(54): CodeIgniter\Debug\Exceptions->errorHandler(8, 'Undefined varia...', 'C:\\xampp\\htdocs...', 54, Array)
#1 C:\xampp\htdocs\ci4-food\vendor\codeigniter4\framework\system\View\View.php(210): include('C:\\xampp\\htdocs...')
#2 C:\xampp\htdocs\ci4-food\vendor\codeigniter4\framework\system\View\View.php(213): CodeIgniter\View\View->CodeIgniter\View\{closure}()
#3 C:\xampp\htdocs\ci4-food\vendor\codeigniter4\framework\system\Common.php(1089): CodeIgniter\View\View->render('Admin/Usuarios/...', Array, true)
#4 C:\xampp\htdocs\ci4-food\app\Controllers\Admin\Usuarios.php(64): view('Admin/Usuarios/...', Array)
#5 C:\xampp\htdocs\ci4-food\vendor\codeigniter4\framework\system\CodeIgniter.php(832): App\Controllers\Admin\Usuarios->editar('1')
#6 C:\xampp\htdocs\ci4-food\vendor\codeigniter4\framework\system\CodeIgniter.php(419): CodeIgniter\CodeIgniter->runController(Object(App\Controllers\Admin\Usuarios))
#7 C:\xampp\htdocs\ci4-food\vendor\codeigniter4\framework\system\CodeIgniter.php(326): CodeIgniter\CodeIgniter->handleRequest(NULL, Object(Config\Cache), false)
#8 C:\xampp\htdocs\ci4-food\public\index.php(37): CodeIgniter\CodeIgniter->run()
#9 C:\xampp\htdocs\ci4-food\vendor\codeigniter4\framework\system\Commands\Server\rewrite.php(43): require_once('C:\\xampp\\htdocs...')
#10 {main}
CRITICAL - 2022-05-29 21:54:18 --> Undefined variable: usuarios
#0 C:\xampp\htdocs\ci4-food\app\Views\Admin\Usuarios\index.php(54): CodeIgniter\Debug\Exceptions->errorHandler(8, 'Undefined varia...', 'C:\\xampp\\htdocs...', 54, Array)
#1 C:\xampp\htdocs\ci4-food\vendor\codeigniter4\framework\system\View\View.php(210): include('C:\\xampp\\htdocs...')
#2 C:\xampp\htdocs\ci4-food\vendor\codeigniter4\framework\system\View\View.php(213): CodeIgniter\View\View->CodeIgniter\View\{closure}()
#3 C:\xampp\htdocs\ci4-food\vendor\codeigniter4\framework\system\Common.php(1089): CodeIgniter\View\View->render('Admin/Usuarios/...', Array, true)
#4 C:\xampp\htdocs\ci4-food\app\Controllers\Admin\Usuarios.php(64): view('Admin/Usuarios/...', Array)
#5 C:\xampp\htdocs\ci4-food\vendor\codeigniter4\framework\system\CodeIgniter.php(832): App\Controllers\Admin\Usuarios->editar('1')
#6 C:\xampp\htdocs\ci4-food\vendor\codeigniter4\framework\system\CodeIgniter.php(419): CodeIgniter\CodeIgniter->runController(Object(App\Controllers\Admin\Usuarios))
#7 C:\xampp\htdocs\ci4-food\vendor\codeigniter4\framework\system\CodeIgniter.php(326): CodeIgniter\CodeIgniter->handleRequest(NULL, Object(Config\Cache), false)
#8 C:\xampp\htdocs\ci4-food\public\index.php(37): CodeIgniter\CodeIgniter->run()
#9 C:\xampp\htdocs\ci4-food\vendor\codeigniter4\framework\system\Commands\Server\rewrite.php(43): require_once('C:\\xampp\\htdocs...')
#10 {main}
CRITICAL - 2022-05-29 21:56:13 --> Undefined variable: usuarios
#0 C:\xampp\htdocs\ci4-food\app\Views\Admin\Usuarios\index.php(54): CodeIgniter\Debug\Exceptions->errorHandler(8, 'Undefined varia...', 'C:\\xampp\\htdocs...', 54, Array)
#1 C:\xampp\htdocs\ci4-food\vendor\codeigniter4\framework\system\View\View.php(210): include('C:\\xampp\\htdocs...')
#2 C:\xampp\htdocs\ci4-food\vendor\codeigniter4\framework\system\View\View.php(213): CodeIgniter\View\View->CodeIgniter\View\{closure}()
#3 C:\xampp\htdocs\ci4-food\vendor\codeigniter4\framework\system\Common.php(1089): CodeIgniter\View\View->render('Admin/Usuarios/...', Array, true)
#4 C:\xampp\htdocs\ci4-food\app\Controllers\Admin\Usuarios.php(64): view('Admin/Usuarios/...', Array)
#5 C:\xampp\htdocs\ci4-food\vendor\codeigniter4\framework\system\CodeIgniter.php(832): App\Controllers\Admin\Usuarios->editar('1')
#6 C:\xampp\htdocs\ci4-food\vendor\codeigniter4\framework\system\CodeIgniter.php(419): CodeIgniter\CodeIgniter->runController(Object(App\Controllers\Admin\Usuarios))
#7 C:\xampp\htdocs\ci4-food\vendor\codeigniter4\framework\system\CodeIgniter.php(326): CodeIgniter\CodeIgniter->handleRequest(NULL, Object(Config\Cache), false)
#8 C:\xampp\htdocs\ci4-food\public\index.php(37): CodeIgniter\CodeIgniter->run()
#9 C:\xampp\htdocs\ci4-food\vendor\codeigniter4\framework\system\Commands\Server\rewrite.php(43): require_once('C:\\xampp\\htdocs...')
#10 {main}
CRITICAL - 2022-05-29 21:56:14 --> Argument 1 passed to App\Controllers\Admin\Usuarios::buscaUsuarioOu404() must be of the type int or null, string given, called in C:\xampp\htdocs\ci4-food\app\Controllers\Admin\Usuarios.php on line 49
#0 C:\xampp\htdocs\ci4-food\app\Controllers\Admin\Usuarios.php(49): App\Controllers\Admin\Usuarios->buscaUsuarioOu404('assets')
#1 C:\xampp\htdocs\ci4-food\vendor\codeigniter4\framework\system\CodeIgniter.php(832): App\Controllers\Admin\Usuarios->show('assets', 'img', 'profile-img.jpg')
#2 C:\xampp\htdocs\ci4-food\vendor\codeigniter4\framework\system\CodeIgniter.php(419): CodeIgniter\CodeIgniter->runController(Object(App\Controllers\Admin\Usuarios))
#3 C:\xampp\htdocs\ci4-food\vendor\codeigniter4\framework\system\CodeIgniter.php(326): CodeIgniter\CodeIgniter->handleRequest(NULL, Object(Config\Cache), false)
#4 C:\xampp\htdocs\ci4-food\public\index.php(37): CodeIgniter\CodeIgniter->run()
#5 C:\xampp\htdocs\ci4-food\vendor\codeigniter4\framework\system\Commands\Server\rewrite.php(43): require_once('C:\\xampp\\htdocs...')
#6 {main}
CRITICAL - 2022-05-29 21:56:16 --> Undefined variable: usuarios
#0 C:\xampp\htdocs\ci4-food\app\Views\Admin\Usuarios\index.php(54): CodeIgniter\Debug\Exceptions->errorHandler(8, 'Undefined varia...', 'C:\\xampp\\htdocs...', 54, Array)
#1 C:\xampp\htdocs\ci4-food\vendor\codeigniter4\framework\system\View\View.php(210): include('C:\\xampp\\htdocs...')
#2 C:\xampp\htdocs\ci4-food\vendor\codeigniter4\framework\system\View\View.php(213): CodeIgniter\View\View->CodeIgniter\View\{closure}()
#3 C:\xampp\htdocs\ci4-food\vendor\codeigniter4\framework\system\Common.php(1089): CodeIgniter\View\View->render('Admin/Usuarios/...', Array, true)
#4 C:\xampp\htdocs\ci4-food\app\Controllers\Admin\Usuarios.php(64): view('Admin/Usuarios/...', Array)
#5 C:\xampp\htdocs\ci4-food\vendor\codeigniter4\framework\system\CodeIgniter.php(832): App\Controllers\Admin\Usuarios->editar('1')
#6 C:\xampp\htdocs\ci4-food\vendor\codeigniter4\framework\system\CodeIgniter.php(419): CodeIgniter\CodeIgniter->runController(Object(App\Controllers\Admin\Usuarios))
#7 C:\xampp\htdocs\ci4-food\vendor\codeigniter4\framework\system\CodeIgniter.php(326): CodeIgniter\CodeIgniter->handleRequest(NULL, Object(Config\Cache), false)
#8 C:\xampp\htdocs\ci4-food\public\index.php(37): CodeIgniter\CodeIgniter->run()
#9 C:\xampp\htdocs\ci4-food\vendor\codeigniter4\framework\system\Commands\Server\rewrite.php(43): require_once('C:\\xampp\\htdocs...')
#10 {main}
CRITICAL - 2022-05-29 21:56:57 --> Argument 1 passed to App\Controllers\Admin\Usuarios::buscaUsuarioOu404() must be of the type int or null, string given, called in C:\xampp\htdocs\ci4-food\app\Controllers\Admin\Usuarios.php on line 49
#0 C:\xampp\htdocs\ci4-food\app\Controllers\Admin\Usuarios.php(49): App\Controllers\Admin\Usuarios->buscaUsuarioOu404('assets')
#1 C:\xampp\htdocs\ci4-food\vendor\codeigniter4\framework\system\CodeIgniter.php(832): App\Controllers\Admin\Usuarios->show('assets', 'img', 'profile-img.jpg')
#2 C:\xampp\htdocs\ci4-food\vendor\codeigniter4\framework\system\CodeIgniter.php(419): CodeIgniter\CodeIgniter->runController(Object(App\Controllers\Admin\Usuarios))
#3 C:\xampp\htdocs\ci4-food\vendor\codeigniter4\framework\system\CodeIgniter.php(326): CodeIgniter\CodeIgniter->handleRequest(NULL, Object(Config\Cache), false)
#4 C:\xampp\htdocs\ci4-food\public\index.php(37): CodeIgniter\CodeIgniter->run()
#5 C:\xampp\htdocs\ci4-food\vendor\codeigniter4\framework\system\Commands\Server\rewrite.php(43): require_once('C:\\xampp\\htdocs...')
#6 {main}
CRITICAL - 2022-05-29 21:57:02 --> Argument 1 passed to App\Controllers\Admin\Usuarios::buscaUsuarioOu404() must be of the type int or null, string given, called in C:\xampp\htdocs\ci4-food\app\Controllers\Admin\Usuarios.php on line 49
#0 C:\xampp\htdocs\ci4-food\app\Controllers\Admin\Usuarios.php(49): App\Controllers\Admin\Usuarios->buscaUsuarioOu404('assets')
#1 C:\xampp\htdocs\ci4-food\vendor\codeigniter4\framework\system\CodeIgniter.php(832): App\Controllers\Admin\Usuarios->show('assets', 'img', 'profile-img.jpg')
#2 C:\xampp\htdocs\ci4-food\vendor\codeigniter4\framework\system\CodeIgniter.php(419): CodeIgniter\CodeIgniter->runController(Object(App\Controllers\Admin\Usuarios))
#3 C:\xampp\htdocs\ci4-food\vendor\codeigniter4\framework\system\CodeIgniter.php(326): CodeIgniter\CodeIgniter->handleRequest(NULL, Object(Config\Cache), false)
#4 C:\xampp\htdocs\ci4-food\public\index.php(37): CodeIgniter\CodeIgniter->run()
#5 C:\xampp\htdocs\ci4-food\vendor\codeigniter4\framework\system\Commands\Server\rewrite.php(43): require_once('C:\\xampp\\htdocs...')
#6 {main}
CRITICAL - 2022-05-29 21:57:07 --> Argument 1 passed to App\Controllers\Admin\Usuarios::buscaUsuarioOu404() must be of the type int or null, string given, called in C:\xampp\htdocs\ci4-food\app\Controllers\Admin\Usuarios.php on line 49
#0 C:\xampp\htdocs\ci4-food\app\Controllers\Admin\Usuarios.php(49): App\Controllers\Admin\Usuarios->buscaUsuarioOu404('assets')
#1 C:\xampp\htdocs\ci4-food\vendor\codeigniter4\framework\system\CodeIgniter.php(832): App\Controllers\Admin\Usuarios->show('assets', 'img', 'profile-img.jpg')
#2 C:\xampp\htdocs\ci4-food\vendor\codeigniter4\framework\system\CodeIgniter.php(419): CodeIgniter\CodeIgniter->runController(Object(App\Controllers\Admin\Usuarios))
#3 C:\xampp\htdocs\ci4-food\vendor\codeigniter4\framework\system\CodeIgniter.php(326): CodeIgniter\CodeIgniter->handleRequest(NULL, Object(Config\Cache), false)
#4 C:\xampp\htdocs\ci4-food\public\index.php(37): CodeIgniter\CodeIgniter->run()
#5 C:\xampp\htdocs\ci4-food\vendor\codeigniter4\framework\system\Commands\Server\rewrite.php(43): require_once('C:\\xampp\\htdocs...')
#6 {main}
CRITICAL - 2022-05-29 21:57:08 --> Undefined variable: usuarios
#0 C:\xampp\htdocs\ci4-food\app\Views\Admin\Usuarios\index.php(54): CodeIgniter\Debug\Exceptions->errorHandler(8, 'Undefined varia...', 'C:\\xampp\\htdocs...', 54, Array)
#1 C:\xampp\htdocs\ci4-food\vendor\codeigniter4\framework\system\View\View.php(210): include('C:\\xampp\\htdocs...')
#2 C:\xampp\htdocs\ci4-food\vendor\codeigniter4\framework\system\View\View.php(213): CodeIgniter\View\View->CodeIgniter\View\{closure}()
#3 C:\xampp\htdocs\ci4-food\vendor\codeigniter4\framework\system\Common.php(1089): CodeIgniter\View\View->render('Admin/Usuarios/...', Array, true)
#4 C:\xampp\htdocs\ci4-food\app\Controllers\Admin\Usuarios.php(64): view('Admin/Usuarios/...', Array)
#5 C:\xampp\htdocs\ci4-food\vendor\codeigniter4\framework\system\CodeIgniter.php(832): App\Controllers\Admin\Usuarios->editar('2')
#6 C:\xampp\htdocs\ci4-food\vendor\codeigniter4\framework\system\CodeIgniter.php(419): CodeIgniter\CodeIgniter->runController(Object(App\Controllers\Admin\Usuarios))
#7 C:\xampp\htdocs\ci4-food\vendor\codeigniter4\framework\system\CodeIgniter.php(326): CodeIgniter\CodeIgniter->handleRequest(NULL, Object(Config\Cache), false)
#8 C:\xampp\htdocs\ci4-food\public\index.php(37): CodeIgniter\CodeIgniter->run()
#9 C:\xampp\htdocs\ci4-food\vendor\codeigniter4\framework\system\Commands\Server\rewrite.php(43): require_once('C:\\xampp\\htdocs...')
#10 {main}
CRITICAL - 2022-05-29 21:57:54 --> Argument 1 passed to App\Controllers\Admin\Usuarios::buscaUsuarioOu404() must be of the type int or null, string given, called in C:\xampp\htdocs\ci4-food\app\Controllers\Admin\Usuarios.php on line 49
#0 C:\xampp\htdocs\ci4-food\app\Controllers\Admin\Usuarios.php(49): App\Controllers\Admin\Usuarios->buscaUsuarioOu404('assets')
#1 C:\xampp\htdocs\ci4-food\vendor\codeigniter4\framework\system\CodeIgniter.php(832): App\Controllers\Admin\Usuarios->show('assets', 'img', 'profile-img.jpg')
#2 C:\xampp\htdocs\ci4-food\vendor\codeigniter4\framework\system\CodeIgniter.php(419): CodeIgniter\CodeIgniter->runController(Object(App\Controllers\Admin\Usuarios))
#3 C:\xampp\htdocs\ci4-food\vendor\codeigniter4\framework\system\CodeIgniter.php(326): CodeIgniter\CodeIgniter->handleRequest(NULL, Object(Config\Cache), false)
#4 C:\xampp\htdocs\ci4-food\public\index.php(37): CodeIgniter\CodeIgniter->run()
#5 C:\xampp\htdocs\ci4-food\vendor\codeigniter4\framework\system\Commands\Server\rewrite.php(43): require_once('C:\\xampp\\htdocs...')
#6 {main}
CRITICAL - 2022-05-29 21:58:41 --> Argument 1 passed to App\Controllers\Admin\Usuarios::buscaUsuarioOu404() must be of the type int or null, string given, called in C:\xampp\htdocs\ci4-food\app\Controllers\Admin\Usuarios.php on line 49
#0 C:\xampp\htdocs\ci4-food\app\Controllers\Admin\Usuarios.php(49): App\Controllers\Admin\Usuarios->buscaUsuarioOu404('assets')
#1 C:\xampp\htdocs\ci4-food\vendor\codeigniter4\framework\system\CodeIgniter.php(832): App\Controllers\Admin\Usuarios->show('assets', 'img', 'profile-img.jpg')
#2 C:\xampp\htdocs\ci4-food\vendor\codeigniter4\framework\system\CodeIgniter.php(419): CodeIgniter\CodeIgniter->runController(Object(App\Controllers\Admin\Usuarios))
#3 C:\xampp\htdocs\ci4-food\vendor\codeigniter4\framework\system\CodeIgniter.php(326): CodeIgniter\CodeIgniter->handleRequest(NULL, Object(Config\Cache), false)
#4 C:\xampp\htdocs\ci4-food\public\index.php(37): CodeIgniter\CodeIgniter->run()
#5 C:\xampp\htdocs\ci4-food\vendor\codeigniter4\framework\system\Commands\Server\rewrite.php(43): require_once('C:\\xampp\\htdocs...')
#6 {main}
CRITICAL - 2022-05-29 21:58:52 --> Argument 1 passed to App\Controllers\Admin\Usuarios::buscaUsuarioOu404() must be of the type int or null, string given, called in C:\xampp\htdocs\ci4-food\app\Controllers\Admin\Usuarios.php on line 49
#0 C:\xampp\htdocs\ci4-food\app\Controllers\Admin\Usuarios.php(49): App\Controllers\Admin\Usuarios->buscaUsuarioOu404('assets')
#1 C:\xampp\htdocs\ci4-food\vendor\codeigniter4\framework\system\CodeIgniter.php(832): App\Controllers\Admin\Usuarios->show('assets', 'img', 'profile-img.jpg')
#2 C:\xampp\htdocs\ci4-food\vendor\codeigniter4\framework\system\CodeIgniter.php(419): CodeIgniter\CodeIgniter->runController(Object(App\Controllers\Admin\Usuarios))
#3 C:\xampp\htdocs\ci4-food\vendor\codeigniter4\framework\system\CodeIgniter.php(326): CodeIgniter\CodeIgniter->handleRequest(NULL, Object(Config\Cache), false)
#4 C:\xampp\htdocs\ci4-food\public\index.php(37): CodeIgniter\CodeIgniter->run()
#5 C:\xampp\htdocs\ci4-food\vendor\codeigniter4\framework\system\Commands\Server\rewrite.php(43): require_once('C:\\xampp\\htdocs...')
#6 {main}
CRITICAL - 2022-05-29 22:01:15 --> Arquivo invlido: Admin/Usuarios_formulario.php
#0 C:\xampp\htdocs\ci4-food\vendor\codeigniter4\framework\system\View\View.php(198): CodeIgniter\Exceptions\FrameworkException::forInvalidFile('Admin/Usuarios_...')
#1 C:\xampp\htdocs\ci4-food\vendor\codeigniter4\framework\system\View\View.php(424): CodeIgniter\View\View->render('Admin/Usuarios_...', NULL, true)
#2 C:\xampp\htdocs\ci4-food\app\Views\Admin\Usuarios\editar.php(25): CodeIgniter\View\View->include('Admin/Usuarios_...')
#3 C:\xampp\htdocs\ci4-food\vendor\codeigniter4\framework\system\View\View.php(210): include('C:\\xampp\\htdocs...')
#4 C:\xampp\htdocs\ci4-food\vendor\codeigniter4\framework\system\View\View.php(213): CodeIgniter\View\View->CodeIgniter\View\{closure}()
#5 C:\xampp\htdocs\ci4-food\vendor\codeigniter4\framework\system\Common.php(1089): CodeIgniter\View\View->render('Admin/Usuarios/...', Array, true)
#6 C:\xampp\htdocs\ci4-food\app\Controllers\Admin\Usuarios.php(64): view('Admin/Usuarios/...', Array)
#7 C:\xampp\htdocs\ci4-food\vendor\codeigniter4\framework\system\CodeIgniter.php(832): App\Controllers\Admin\Usuarios->editar('2')
#8 C:\xampp\htdocs\ci4-food\vendor\codeigniter4\framework\system\CodeIgniter.php(419): CodeIgniter\CodeIgniter->runController(Object(App\Controllers\Admin\Usuarios))
#9 C:\xampp\htdocs\ci4-food\vendor\codeigniter4\framework\system\CodeIgniter.php(326): CodeIgniter\CodeIgniter->handleRequest(NULL, Object(Config\Cache), false)
#10 C:\xampp\htdocs\ci4-food\public\index.php(37): CodeIgniter\CodeIgniter->run()
#11 C:\xampp\htdocs\ci4-food\vendor\codeigniter4\framework\system\Commands\Server\rewrite.php(43): require_once('C:\\xampp\\htdocs...')
#12 {main}
CRITICAL - 2022-05-29 22:07:32 --> Argument 1 passed to App\Controllers\Admin\Usuarios::buscaUsuarioOu404() must be of the type int or null, string given, called in C:\xampp\htdocs\ci4-food\app\Controllers\Admin\Usuarios.php on line 49
#0 C:\xampp\htdocs\ci4-food\app\Controllers\Admin\Usuarios.php(49): App\Controllers\Admin\Usuarios->buscaUsuarioOu404('assets')
#1 C:\xampp\htdocs\ci4-food\vendor\codeigniter4\framework\system\CodeIgniter.php(832): App\Controllers\Admin\Usuarios->show('assets', 'img', 'profile-img.jpg')
#2 C:\xampp\htdocs\ci4-food\vendor\codeigniter4\framework\system\CodeIgniter.php(419): CodeIgniter\CodeIgniter->runController(Object(App\Controllers\Admin\Usuarios))
#3 C:\xampp\htdocs\ci4-food\vendor\codeigniter4\framework\system\CodeIgniter.php(326): CodeIgniter\CodeIgniter->handleRequest(NULL, Object(Config\Cache), false)
#4 C:\xampp\htdocs\ci4-food\public\index.php(37): CodeIgniter\CodeIgniter->run()
#5 C:\xampp\htdocs\ci4-food\vendor\codeigniter4\framework\system\Commands\Server\rewrite.php(43): require_once('C:\\xampp\\htdocs...')
#6 {main}
CRITICAL - 2022-05-29 22:08:53 --> Argument 1 passed to App\Controllers\Admin\Usuarios::buscaUsuarioOu404() must be of the type int or null, string given, called in C:\xampp\htdocs\ci4-food\app\Controllers\Admin\Usuarios.php on line 49
#0 C:\xampp\htdocs\ci4-food\app\Controllers\Admin\Usuarios.php(49): App\Controllers\Admin\Usuarios->buscaUsuarioOu404('assets')
#1 C:\xampp\htdocs\ci4-food\vendor\codeigniter4\framework\system\CodeIgniter.php(832): App\Controllers\Admin\Usuarios->show('assets', 'img', 'profile-img.jpg')
#2 C:\xampp\htdocs\ci4-food\vendor\codeigniter4\framework\system\CodeIgniter.php(419): CodeIgniter\CodeIgniter->runController(Object(App\Controllers\Admin\Usuarios))
#3 C:\xampp\htdocs\ci4-food\vendor\codeigniter4\framework\system\CodeIgniter.php(326): CodeIgniter\CodeIgniter->handleRequest(NULL, Object(Config\Cache), false)
#4 C:\xampp\htdocs\ci4-food\public\index.php(37): CodeIgniter\CodeIgniter->run()
#5 C:\xampp\htdocs\ci4-food\vendor\codeigniter4\framework\system\Commands\Server\rewrite.php(43): require_once('C:\\xampp\\htdocs...')
#6 {main}
